2021-08-04 11:10:52,415 - INFO - __init__ - Connecting to ipinfo api
2021-08-04 11:10:52,476 - INFO - __init__ - Connection to ipinfo api FAILED:- HTTPSConnectionPool(host='ipinfo.io', port=443): Max retries exceeded with url: / (Caused by SSLError("Can't connect to HTTPS URL because the SSL module is not available."))
2021-08-04 11:10:52,476 - INFO - get_latlon - Getting Latitude and Longitude
2021-08-04 11:10:52,476 - INFO - get_latlon - Failed to recive lat lon:- 'LatLon' object has no attribute 'res'
2021-08-04 11:10:54,860 - INFO - __init__ - Connecting to ipinfo api
2021-08-04 11:10:54,863 - INFO - __init__ - Connection to ipinfo api FAILED:- HTTPSConnectionPool(host='ipinfo.io', port=443): Max retries exceeded with url: / (Caused by SSLError("Can't connect to HTTPS URL because the SSL module is not available."))
2021-08-04 11:10:54,863 - INFO - get_latlon - Getting Latitude and Longitude
2021-08-04 11:10:54,863 - INFO - get_latlon - Failed to recive lat lon:- 'LatLon' object has no attribute 'res'
2021-08-04 11:12:20,270 - INFO - __init__ - Connecting to ipinfo api
2021-08-04 11:12:20,273 - INFO - __init__ - Connection to ipinfo api FAILED:- HTTPSConnectionPool(host='ipinfo.io', port=443): Max retries exceeded with url: / (Caused by SSLError("Can't connect to HTTPS URL because the SSL module is not available."))
2021-08-04 11:12:20,273 - INFO - get_latlon - Getting Latitude and Longitude
2021-08-04 11:12:20,273 - INFO - get_latlon - Failed to recive lat lon:- 'LatLon' object has no attribute 'res'
2021-08-04 11:12:22,513 - INFO - __init__ - Connecting to ipinfo api
2021-08-04 11:12:22,516 - INFO - __init__ - Connection to ipinfo api FAILED:- HTTPSConnectionPool(host='ipinfo.io', port=443): Max retries exceeded with url: / (Caused by SSLError("Can't connect to HTTPS URL because the SSL module is not available."))
2021-08-04 11:12:22,516 - INFO - get_latlon - Getting Latitude and Longitude
2021-08-04 11:12:22,516 - INFO - get_latlon - Failed to recive lat lon:- 'LatLon' object has no attribute 'res'
2021-08-04 12:03:49,564 - INFO - __init__ - Connecting to ipinfo api
2021-08-04 12:03:49,586 - INFO - __init__ - Connection to ipinfo api FAILED:- HTTPSConnectionPool(host='ipinfo.io', port=443): Max retries exceeded with url: / (Caused by SSLError("Can't connect to HTTPS URL because the SSL module is not available."))
2021-08-04 12:03:49,586 - INFO - get_latlon - Getting Latitude and Longitude
2021-08-04 12:03:49,586 - INFO - get_latlon - Failed to recive lat lon:- 'LatLon' object has no attribute 'res'
2021-08-04 12:03:51,993 - INFO - __init__ - Connecting to ipinfo api
2021-08-04 12:03:51,996 - INFO - __init__ - Connection to ipinfo api FAILED:- HTTPSConnectionPool(host='ipinfo.io', port=443): Max retries exceeded with url: / (Caused by SSLError("Can't connect to HTTPS URL because the SSL module is not available."))
2021-08-04 12:03:51,996 - INFO - get_latlon - Getting Latitude and Longitude
2021-08-04 12:03:51,997 - INFO - get_latlon - Failed to recive lat lon:- 'LatLon' object has no attribute 'res'
2021-08-04 12:04:43,193 - INFO - __init__ - Connecting to ipinfo api
2021-08-04 12:04:43,198 - INFO - __init__ - Connection to ipinfo api FAILED:- HTTPSConnectionPool(host='ipinfo.io', port=443): Max retries exceeded with url: / (Caused by SSLError("Can't connect to HTTPS URL because the SSL module is not available."))
2021-08-04 12:04:43,199 - INFO - get_latlon - Getting Latitude and Longitude
2021-08-04 12:04:43,199 - INFO - get_latlon - Failed to recive lat lon:- 'LatLon' object has no attribute 'res'
2021-08-04 12:07:00,172 - INFO - __init__ - Connecting to ipinfo api
2021-08-04 12:07:00,176 - INFO - __init__ - Connection to ipinfo api FAILED:- HTTPSConnectionPool(host='ipinfo.io', port=443): Max retries exceeded with url: / (Caused by SSLError("Can't connect to HTTPS URL because the SSL module is not available."))
2021-08-04 12:07:00,176 - INFO - get_latlon - Getting Latitude and Longitude
2021-08-04 12:07:00,176 - INFO - get_latlon - Failed to recive lat lon:- 'LatLon' object has no attribute 'res'
2021-08-04 12:07:07,844 - INFO - __init__ - Connecting to ipinfo api
2021-08-04 12:07:07,848 - INFO - __init__ - Connection to ipinfo api FAILED:- HTTPSConnectionPool(host='ipinfo.io', port=443): Max retries exceeded with url: / (Caused by SSLError("Can't connect to HTTPS URL because the SSL module is not available."))
2021-08-04 12:07:07,848 - INFO - get_latlon - Getting Latitude and Longitude
2021-08-04 12:07:07,848 - INFO - get_latlon - Failed to recive lat lon:- 'LatLon' object has no attribute 'res'
2021-08-04 12:10:14,970 - INFO - __init__ - Connecting to ipinfo api
2021-08-04 12:10:14,974 - INFO - __init__ - Connection to ipinfo api FAILED:- HTTPSConnectionPool(host='ipinfo.io', port=443): Max retries exceeded with url: / (Caused by SSLError("Can't connect to HTTPS URL because the SSL module is not available."))
2021-08-04 12:10:14,974 - INFO - get_latlon - Getting Latitude and Longitude
2021-08-04 12:10:14,974 - INFO - get_latlon - Failed to recive lat lon:- 'LatLon' object has no attribute 'res'
2021-08-04 12:10:17,512 - INFO - __init__ - Connecting to ipinfo api
2021-08-04 12:10:17,516 - INFO - __init__ - Connection to ipinfo api FAILED:- HTTPSConnectionPool(host='ipinfo.io', port=443): Max retries exceeded with url: / (Caused by SSLError("Can't connect to HTTPS URL because the SSL module is not available."))
2021-08-04 12:10:17,516 - INFO - get_latlon - Getting Latitude and Longitude
2021-08-04 12:10:17,516 - INFO - get_latlon - Failed to recive lat lon:- 'LatLon' object has no attribute 'res'
2021-08-04 12:11:26,110 - INFO - __init__ - Connecting to ipinfo api
2021-08-04 12:11:26,113 - INFO - __init__ - Connection to ipinfo api FAILED:- HTTPSConnectionPool(host='ipinfo.io', port=443): Max retries exceeded with url: / (Caused by SSLError("Can't connect to HTTPS URL because the SSL module is not available."))
2021-08-04 12:11:26,113 - INFO - get_latlon - Getting Latitude and Longitude
2021-08-04 12:11:26,113 - INFO - get_latlon - Failed to recive lat lon:- 'LatLon' object has no attribute 'res'
2021-08-04 12:12:39,409 - INFO - __init__ - Connecting to ipinfo api
2021-08-04 12:12:39,414 - INFO - __init__ - Connection to ipinfo api FAILED:- HTTPSConnectionPool(host='ipinfo.io', port=443): Max retries exceeded with url: / (Caused by SSLError("Can't connect to HTTPS URL because the SSL module is not available."))
2021-08-04 12:12:39,414 - INFO - get_latlon - Getting Latitude and Longitude
2021-08-04 12:12:39,414 - INFO - get_latlon - Failed to recive lat lon:- 'LatLon' object has no attribute 'res'
2021-08-04 12:12:45,295 - INFO - __init__ - Connecting to ipinfo api
2021-08-04 12:12:45,300 - INFO - __init__ - Connection to ipinfo api FAILED:- HTTPSConnectionPool(host='ipinfo.io', port=443): Max retries exceeded with url: / (Caused by SSLError("Can't connect to HTTPS URL because the SSL module is not available."))
2021-08-04 12:12:45,300 - INFO - get_latlon - Getting Latitude and Longitude
2021-08-04 12:12:45,300 - INFO - get_latlon - Failed to recive lat lon:- 'LatLon' object has no attribute 'res'
2021-08-04 12:12:56,375 - INFO - __init__ - Connecting to ipinfo api
2021-08-04 12:12:56,380 - INFO - __init__ - Connection to ipinfo api FAILED:- HTTPSConnectionPool(host='ipinfo.io', port=443): Max retries exceeded with url: / (Caused by SSLError("Can't connect to HTTPS URL because the SSL module is not available."))
2021-08-04 12:12:56,381 - INFO - get_latlon - Getting Latitude and Longitude
2021-08-04 12:12:56,381 - INFO - get_latlon - Failed to recive lat lon:- 'LatLon' object has no attribute 'res'
2021-08-04 12:12:59,432 - INFO - __init__ - Connecting to ipinfo api
2021-08-04 12:12:59,437 - INFO - __init__ - Connection to ipinfo api FAILED:- HTTPSConnectionPool(host='ipinfo.io', port=443): Max retries exceeded with url: / (Caused by SSLError("Can't connect to HTTPS URL because the SSL module is not available."))
2021-08-04 12:12:59,437 - INFO - get_latlon - Getting Latitude and Longitude
2021-08-04 12:12:59,437 - INFO - get_latlon - Failed to recive lat lon:- 'LatLon' object has no attribute 'res'
2021-08-04 12:13:33,580 - INFO - __init__ - Connecting to ipinfo api
2021-08-04 12:13:33,585 - INFO - __init__ - Connection to ipinfo api FAILED:- HTTPSConnectionPool(host='ipinfo.io', port=443): Max retries exceeded with url: / (Caused by SSLError("Can't connect to HTTPS URL because the SSL module is not available."))
2021-08-04 12:13:33,585 - INFO - get_latlon - Getting Latitude and Longitude
2021-08-04 12:13:33,585 - INFO - get_latlon - Failed to recive lat lon:- 'LatLon' object has no attribute 'res'
2021-08-04 12:13:52,579 - INFO - __init__ - Connecting to ipinfo api
2021-08-04 12:13:52,584 - INFO - __init__ - Connection to ipinfo api FAILED:- HTTPSConnectionPool(host='ipinfo.io', port=443): Max retries exceeded with url: / (Caused by SSLError("Can't connect to HTTPS URL because the SSL module is not available."))
2021-08-04 12:13:52,585 - INFO - get_latlon - Getting Latitude and Longitude
2021-08-04 12:13:52,585 - INFO - get_latlon - Failed to recive lat lon:- 'LatLon' object has no attribute 'res'
2021-08-04 12:14:38,311 - INFO - __init__ - Connecting to ipinfo api
2021-08-04 12:14:38,315 - INFO - __init__ - Connection to ipinfo api FAILED:- HTTPSConnectionPool(host='ipinfo.io', port=443): Max retries exceeded with url: / (Caused by SSLError("Can't connect to HTTPS URL because the SSL module is not available."))
2021-08-04 12:14:38,316 - INFO - get_latlon - Getting Latitude and Longitude
2021-08-04 12:14:38,316 - INFO - get_latlon - Failed to recive lat lon:- 'LatLon' object has no attribute 'res'
2021-08-04 12:14:41,337 - INFO - __init__ - Connecting to ipinfo api
2021-08-04 12:14:41,342 - INFO - __init__ - Connection to ipinfo api FAILED:- HTTPSConnectionPool(host='ipinfo.io', port=443): Max retries exceeded with url: / (Caused by SSLError("Can't connect to HTTPS URL because the SSL module is not available."))
2021-08-04 12:14:41,342 - INFO - get_latlon - Getting Latitude and Longitude
2021-08-04 12:14:41,342 - INFO - get_latlon - Failed to recive lat lon:- 'LatLon' object has no attribute 'res'
2021-08-04 12:17:55,759 - INFO - __init__ - Connecting to ipinfo api
2021-08-04 12:17:55,761 - INFO - __init__ - Connection to ipinfo api FAILED:- HTTPSConnectionPool(host='ipinfo.io', port=443): Max retries exceeded with url: / (Caused by SSLError("Can't connect to HTTPS URL because the SSL module is not available."))
2021-08-04 12:17:55,762 - INFO - get_latlon - Getting Latitude and Longitude
2021-08-04 12:17:55,762 - INFO - get_latlon - Failed to recive lat lon:- 'LatLon' object has no attribute 'res'
2021-08-04 12:21:02,510 - INFO - __init__ - Connecting to ipinfo api
2021-08-04 12:21:02,513 - INFO - __init__ - Connection to ipinfo api FAILED:- HTTPSConnectionPool(host='ipinfo.io', port=443): Max retries exceeded with url: / (Caused by SSLError("Can't connect to HTTPS URL because the SSL module is not available."))
2021-08-04 12:21:02,513 - INFO - get_latlon - Getting Latitude and Longitude
2021-08-04 12:21:02,513 - INFO - get_latlon - Failed to recive lat lon:- 'LatLon' object has no attribute 'res'
2021-08-04 12:22:00,552 - INFO - __init__ - Connecting to ipinfo api
2021-08-04 12:22:00,555 - INFO - __init__ - Connection to ipinfo api FAILED:- HTTPSConnectionPool(host='ipinfo.io', port=443): Max retries exceeded with url: / (Caused by SSLError("Can't connect to HTTPS URL because the SSL module is not available."))
2021-08-04 12:22:00,555 - INFO - get_latlon - Getting Latitude and Longitude
2021-08-04 12:22:00,555 - INFO - get_latlon - Failed to recive lat lon:- 'LatLon' object has no attribute 'res'
2021-08-04 12:22:03,077 - INFO - __init__ - Connecting to ipinfo api
2021-08-04 12:22:03,080 - INFO - __init__ - Connection to ipinfo api FAILED:- HTTPSConnectionPool(host='ipinfo.io', port=443): Max retries exceeded with url: / (Caused by SSLError("Can't connect to HTTPS URL because the SSL module is not available."))
2021-08-04 12:22:03,080 - INFO - get_latlon - Getting Latitude and Longitude
2021-08-04 12:22:03,080 - INFO - get_latlon - Failed to recive lat lon:- 'LatLon' object has no attribute 'res'
2021-08-04 12:27:46,596 - INFO - __init__ - Connecting to ipinfo api
2021-08-04 12:27:46,601 - INFO - __init__ - Connection to ipinfo api FAILED:- HTTPSConnectionPool(host='ipinfo.io', port=443): Max retries exceeded with url: / (Caused by SSLError("Can't connect to HTTPS URL because the SSL module is not available."))
2021-08-04 12:27:46,601 - INFO - get_latlon - Getting Latitude and Longitude
2021-08-04 12:27:46,601 - INFO - get_latlon - Failed to recive lat lon:- 'LatLon' object has no attribute 'res'
2021-08-04 12:27:50,429 - INFO - __init__ - Connecting to ipinfo api
2021-08-04 12:27:50,432 - INFO - __init__ - Connection to ipinfo api FAILED:- HTTPSConnectionPool(host='ipinfo.io', port=443): Max retries exceeded with url: / (Caused by SSLError("Can't connect to HTTPS URL because the SSL module is not available."))
2021-08-04 12:27:50,432 - INFO - get_latlon - Getting Latitude and Longitude
2021-08-04 12:27:50,432 - INFO - get_latlon - Failed to recive lat lon:- 'LatLon' object has no attribute 'res'
2021-08-04 12:30:21,035 - INFO - __init__ - Connecting to ipinfo api
2021-08-04 12:30:21,038 - INFO - __init__ - Connection to ipinfo api FAILED:- HTTPSConnectionPool(host='ipinfo.io', port=443): Max retries exceeded with url: / (Caused by SSLError("Can't connect to HTTPS URL because the SSL module is not available."))
2021-08-04 12:30:21,039 - INFO - get_latlon - Getting Latitude and Longitude
2021-08-04 12:30:21,039 - INFO - get_latlon - Failed to recive lat lon:- 'LatLon' object has no attribute 'res'
2021-08-04 12:34:08,267 - INFO - __init__ - Connecting to ipinfo api
2021-08-04 12:34:08,801 - INFO - __init__ - Connection to ipinfo api successful
2021-08-04 12:34:08,801 - INFO - get_latlon - Getting Latitude and Longitude
2021-08-04 12:34:12,094 - INFO - __init__ - Connecting to ipinfo api
2021-08-04 12:34:12,583 - INFO - __init__ - Connection to ipinfo api successful
2021-08-04 12:34:12,583 - INFO - get_latlon - Getting Latitude and Longitude
2021-08-04 12:35:26,422 - INFO - __init__ - Connecting to ipinfo api
2021-08-04 12:35:26,917 - INFO - __init__ - Connection to ipinfo api successful
2021-08-04 12:35:26,917 - INFO - get_latlon - Getting Latitude and Longitude
2021-08-04 12:35:33,030 - INFO - __init__ - Connecting to ipinfo api
2021-08-04 12:35:33,495 - INFO - __init__ - Connection to ipinfo api successful
2021-08-04 12:35:33,495 - INFO - get_latlon - Getting Latitude and Longitude
2021-08-04 12:35:37,564 - INFO - __init__ - Connecting to ipinfo api
2021-08-04 12:35:38,027 - INFO - __init__ - Connection to ipinfo api successful
2021-08-04 12:35:38,027 - INFO - get_latlon - Getting Latitude and Longitude
2021-08-04 12:38:35,097 - INFO - __init__ - Connecting to ipinfo api
2021-08-04 12:38:35,584 - INFO - __init__ - Connection to ipinfo api successful
2021-08-04 12:38:35,585 - INFO - get_latlon - Getting Latitude and Longitude
2021-08-04 12:38:46,469 - INFO - __init__ - Connecting to ipinfo api
2021-08-04 12:38:46,945 - INFO - __init__ - Connection to ipinfo api successful
2021-08-04 12:38:46,945 - INFO - get_latlon - Getting Latitude and Longitude
2021-08-04 12:38:54,697 - INFO - __init__ - Connecting to ipinfo api
2021-08-04 12:38:55,162 - INFO - __init__ - Connection to ipinfo api successful
2021-08-04 12:38:55,162 - INFO - get_latlon - Getting Latitude and Longitude
2021-08-04 12:39:00,423 - INFO - __init__ - Connecting to ipinfo api
2021-08-04 12:39:00,883 - INFO - __init__ - Connection to ipinfo api successful
2021-08-04 12:39:00,883 - INFO - get_latlon - Getting Latitude and Longitude
2021-08-04 12:39:06,684 - INFO - __init__ - Connecting to ipinfo api
2021-08-04 12:39:07,151 - INFO - __init__ - Connection to ipinfo api successful
2021-08-04 12:39:07,152 - INFO - get_latlon - Getting Latitude and Longitude
2021-08-04 12:39:14,886 - INFO - __init__ - Connecting to ipinfo api
2021-08-04 12:39:15,365 - INFO - __init__ - Connection to ipinfo api successful
2021-08-04 12:39:15,366 - INFO - get_latlon - Getting Latitude and Longitude
2021-08-04 12:39:21,486 - INFO - __init__ - Connecting to ipinfo api
2021-08-04 12:39:21,992 - INFO - __init__ - Connection to ipinfo api successful
2021-08-04 12:39:21,992 - INFO - get_latlon - Getting Latitude and Longitude
2021-08-04 12:45:12,854 - INFO - __init__ - Connecting to ipinfo api
2021-08-04 12:45:13,316 - INFO - __init__ - Connection to ipinfo api successful
2021-08-04 12:45:13,316 - INFO - get_latlon - Getting Latitude and Longitude
2021-08-04 12:45:20,629 - INFO - __init__ - Connecting to ipinfo api
2021-08-04 12:45:21,121 - INFO - __init__ - Connection to ipinfo api successful
2021-08-04 12:45:21,122 - INFO - get_latlon - Getting Latitude and Longitude
2021-08-04 12:45:29,918 - INFO - __init__ - Connecting to ipinfo api
2021-08-04 12:45:30,390 - INFO - __init__ - Connection to ipinfo api successful
2021-08-04 12:45:30,390 - INFO - get_latlon - Getting Latitude and Longitude
2021-08-04 12:45:35,681 - INFO - __init__ - Connecting to ipinfo api
2021-08-04 12:45:36,151 - INFO - __init__ - Connection to ipinfo api successful
2021-08-04 12:45:36,151 - INFO - get_latlon - Getting Latitude and Longitude
2021-08-04 12:45:42,994 - INFO - __init__ - Connecting to ipinfo api
2021-08-04 12:45:43,449 - INFO - __init__ - Connection to ipinfo api successful
2021-08-04 12:45:43,450 - INFO - get_latlon - Getting Latitude and Longitude
2021-08-04 12:45:49,565 - INFO - __init__ - Connecting to ipinfo api
2021-08-04 12:45:50,027 - INFO - __init__ - Connection to ipinfo api successful
2021-08-04 12:45:50,028 - INFO - get_latlon - Getting Latitude and Longitude
2021-08-04 12:45:59,703 - INFO - __init__ - Connecting to ipinfo api
2021-08-04 12:46:00,145 - INFO - __init__ - Connection to ipinfo api successful
2021-08-04 12:46:00,146 - INFO - get_latlon - Getting Latitude and Longitude
2021-08-04 12:46:17,560 - INFO - __init__ - Connecting to ipinfo api
2021-08-04 12:46:18,067 - INFO - __init__ - Connection to ipinfo api successful
2021-08-04 12:46:18,067 - INFO - get_latlon - Getting Latitude and Longitude
2021-08-04 12:46:24,092 - INFO - __init__ - Connecting to ipinfo api
2021-08-04 12:46:24,582 - INFO - __init__ - Connection to ipinfo api successful
2021-08-04 12:46:24,582 - INFO - get_latlon - Getting Latitude and Longitude
2021-08-04 12:46:30,195 - INFO - __init__ - Connecting to ipinfo api
2021-08-04 12:46:30,676 - INFO - __init__ - Connection to ipinfo api successful
2021-08-04 12:46:30,676 - INFO - get_latlon - Getting Latitude and Longitude
2021-08-04 12:46:36,681 - INFO - __init__ - Connecting to ipinfo api
2021-08-04 12:46:37,266 - INFO - __init__ - Connection to ipinfo api successful
2021-08-04 12:46:37,267 - INFO - get_latlon - Getting Latitude and Longitude
2021-08-04 12:46:43,486 - INFO - __init__ - Connecting to ipinfo api
2021-08-04 12:46:43,958 - INFO - __init__ - Connection to ipinfo api successful
2021-08-04 12:46:43,958 - INFO - get_latlon - Getting Latitude and Longitude
2021-08-04 12:46:52,376 - INFO - __init__ - Connecting to ipinfo api
2021-08-04 12:46:52,847 - INFO - __init__ - Connection to ipinfo api successful
2021-08-04 12:46:52,847 - INFO - get_latlon - Getting Latitude and Longitude
2021-08-05 11:19:30,667 - INFO - __init__ - Connecting to ipinfo api
2021-08-05 11:19:31,870 - INFO - __init__ - Connection to ipinfo api successful
2021-08-05 11:19:31,870 - INFO - get_latlon - Getting Latitude and Longitude
2021-08-05 11:19:51,319 - INFO - __init__ - Connecting to ipinfo api
2021-08-05 11:19:51,776 - INFO - __init__ - Connection to ipinfo api successful
2021-08-05 11:19:51,776 - INFO - get_latlon - Getting Latitude and Longitude
2021-08-05 11:38:21,207 - INFO - __init__ - Connecting to ipinfo api
2021-08-05 11:38:21,671 - INFO - __init__ - Connection to ipinfo api successful
2021-08-05 11:38:21,671 - INFO - get_latlon - Getting Latitude and Longitude
2021-08-05 11:38:24,520 - INFO - __init__ - Connecting to ipinfo api
2021-08-05 11:38:24,965 - INFO - __init__ - Connection to ipinfo api successful
2021-08-05 11:38:24,965 - INFO - get_latlon - Getting Latitude and Longitude
2021-08-07 14:05:06,864 - INFO - __init__ - Connecting to ipinfo api
2021-08-07 14:05:07,832 - INFO - __init__ - Connection to ipinfo api successful
2021-08-07 14:05:07,832 - INFO - get_latlon - Getting Latitude and Longitude
2021-08-07 14:05:10,497 - INFO - __init__ - Connecting to ipinfo api
2021-08-07 14:05:10,968 - INFO - __init__ - Connection to ipinfo api successful
2021-08-07 14:05:10,968 - INFO - get_latlon - Getting Latitude and Longitude
2021-08-07 14:12:51,834 - INFO - __init__ - Connecting to ipinfo api
2021-08-07 14:12:52,356 - INFO - __init__ - Connection to ipinfo api successful
2021-08-07 14:12:52,356 - INFO - get_latlon - Getting Latitude and Longitude
2021-08-07 14:12:54,900 - INFO - __init__ - Connecting to ipinfo api
2021-08-07 14:12:55,393 - INFO - __init__ - Connection to ipinfo api successful
2021-08-07 14:12:55,393 - INFO - get_latlon - Getting Latitude and Longitude
2021-08-07 14:14:03,026 - INFO - __init__ - Connecting to ipinfo api
2021-08-07 14:14:03,575 - INFO - __init__ - Connection to ipinfo api successful
2021-08-07 14:14:03,575 - INFO - get_latlon - Getting Latitude and Longitude
2021-08-07 14:14:05,987 - INFO - __init__ - Connecting to ipinfo api
2021-08-07 14:14:06,479 - INFO - __init__ - Connection to ipinfo api successful
2021-08-07 14:14:06,479 - INFO - get_latlon - Getting Latitude and Longitude
2021-08-07 14:26:48,609 - INFO - __init__ - Connecting to ipinfo api
2021-08-07 14:26:49,138 - INFO - __init__ - Connection to ipinfo api successful
2021-08-07 14:26:49,138 - INFO - get_latlon - Getting Latitude and Longitude
2021-08-07 14:26:51,903 - INFO - __init__ - Connecting to ipinfo api
2021-08-07 14:26:52,392 - INFO - __init__ - Connection to ipinfo api successful
2021-08-07 14:26:52,392 - INFO - get_latlon - Getting Latitude and Longitude
2021-08-07 18:27:09,218 - INFO - __init__ - Connecting to ipinfo api
2021-08-07 18:27:10,358 - INFO - __init__ - Connection to ipinfo api successful
2021-08-07 18:27:10,358 - INFO - get_latlon - Getting Latitude and Longitude
2021-08-07 18:27:12,968 - INFO - __init__ - Connecting to ipinfo api
2021-08-07 18:27:13,429 - INFO - __init__ - Connection to ipinfo api successful
2021-08-07 18:27:13,429 - INFO - get_latlon - Getting Latitude and Longitude
2021-08-07 18:28:10,416 - INFO - __init__ - Connecting to ipinfo api
2021-08-07 18:28:10,944 - INFO - __init__ - Connection to ipinfo api successful
2021-08-07 18:28:10,944 - INFO - get_latlon - Getting Latitude and Longitude
2021-08-07 18:28:17,476 - INFO - __init__ - Connecting to ipinfo api
2021-08-07 18:28:17,934 - INFO - __init__ - Connection to ipinfo api successful
2021-08-07 18:28:17,934 - INFO - get_latlon - Getting Latitude and Longitude
2021-08-07 18:28:34,434 - INFO - __init__ - Connecting to ipinfo api
2021-08-07 18:28:34,955 - INFO - __init__ - Connection to ipinfo api successful
2021-08-07 18:28:34,955 - INFO - get_latlon - Getting Latitude and Longitude
2021-08-07 18:28:38,044 - INFO - __init__ - Connecting to ipinfo api
2021-08-07 18:28:38,505 - INFO - __init__ - Connection to ipinfo api successful
2021-08-07 18:28:38,505 - INFO - get_latlon - Getting Latitude and Longitude
2021-08-07 18:28:46,223 - INFO - __init__ - Connecting to ipinfo api
2021-08-07 18:28:46,684 - INFO - __init__ - Connection to ipinfo api successful
2021-08-07 18:28:46,684 - INFO - get_latlon - Getting Latitude and Longitude
2021-08-07 18:28:50,547 - INFO - __init__ - Connecting to ipinfo api
2021-08-07 18:28:51,021 - INFO - __init__ - Connection to ipinfo api successful
2021-08-07 18:28:51,021 - INFO - get_latlon - Getting Latitude and Longitude
2021-08-07 18:28:56,668 - INFO - __init__ - Connecting to ipinfo api
2021-08-07 18:28:57,155 - INFO - __init__ - Connection to ipinfo api successful
2021-08-07 18:28:57,155 - INFO - get_latlon - Getting Latitude and Longitude
2021-08-07 18:29:04,881 - INFO - __init__ - Connecting to ipinfo api
2021-08-07 18:29:05,364 - INFO - __init__ - Connection to ipinfo api successful
2021-08-07 18:29:05,364 - INFO - get_latlon - Getting Latitude and Longitude
2021-08-07 18:29:13,358 - INFO - __init__ - Connecting to ipinfo api
2021-08-07 18:29:13,831 - INFO - __init__ - Connection to ipinfo api successful
2021-08-07 18:29:13,832 - INFO - get_latlon - Getting Latitude and Longitude
2021-08-07 18:29:16,373 - INFO - __init__ - Connecting to ipinfo api
2021-08-07 18:29:16,850 - INFO - __init__ - Connection to ipinfo api successful
2021-08-07 18:29:16,850 - INFO - get_latlon - Getting Latitude and Longitude
2021-08-07 18:38:56,836 - INFO - __init__ - Connecting to ipinfo api
2021-08-07 18:38:57,313 - INFO - __init__ - Connection to ipinfo api successful
2021-08-07 18:38:57,313 - INFO - get_latlon - Getting Latitude and Longitude
2021-08-07 18:39:12,753 - INFO - __init__ - Connecting to ipinfo api
2021-08-07 18:39:13,211 - INFO - __init__ - Connection to ipinfo api successful
2021-08-07 18:39:13,211 - INFO - get_latlon - Getting Latitude and Longitude
2021-08-07 18:39:19,220 - INFO - __init__ - Connecting to ipinfo api
2021-08-07 18:39:19,685 - INFO - __init__ - Connection to ipinfo api successful
2021-08-07 18:39:19,685 - INFO - get_latlon - Getting Latitude and Longitude
2021-08-07 18:39:26,114 - INFO - __init__ - Connecting to ipinfo api
2021-08-07 18:39:26,598 - INFO - __init__ - Connection to ipinfo api successful
2021-08-07 18:39:26,598 - INFO - get_latlon - Getting Latitude and Longitude
2021-08-07 18:39:35,867 - INFO - __init__ - Connecting to ipinfo api
2021-08-07 18:39:36,409 - INFO - __init__ - Connection to ipinfo api successful
2021-08-07 18:39:36,409 - INFO - get_latlon - Getting Latitude and Longitude
2021-08-07 18:39:46,796 - INFO - __init__ - Connecting to ipinfo api
2021-08-07 18:39:47,247 - INFO - __init__ - Connection to ipinfo api successful
2021-08-07 18:39:47,248 - INFO - get_latlon - Getting Latitude and Longitude
2021-08-07 18:43:31,616 - INFO - __init__ - Connecting to ipinfo api
2021-08-07 18:43:32,160 - INFO - __init__ - Connection to ipinfo api successful
2021-08-07 18:43:32,160 - INFO - get_latlon - Getting Latitude and Longitude
2021-08-07 18:43:42,854 - INFO - __init__ - Connecting to ipinfo api
2021-08-07 18:43:43,313 - INFO - __init__ - Connection to ipinfo api successful
2021-08-07 18:43:43,313 - INFO - get_latlon - Getting Latitude and Longitude
2021-08-07 18:43:55,705 - INFO - __init__ - Connecting to ipinfo api
2021-08-07 18:43:56,144 - INFO - __init__ - Connection to ipinfo api successful
2021-08-07 18:43:56,144 - INFO - get_latlon - Getting Latitude and Longitude
2021-08-07 18:43:58,890 - INFO - __init__ - Connecting to ipinfo api
2021-08-07 18:43:59,338 - INFO - __init__ - Connection to ipinfo api successful
2021-08-07 18:43:59,338 - INFO - get_latlon - Getting Latitude and Longitude
2021-08-07 18:45:12,049 - INFO - __init__ - Connecting to ipinfo api
2021-08-07 18:45:12,531 - INFO - __init__ - Connection to ipinfo api successful
2021-08-07 18:45:12,532 - INFO - get_latlon - Getting Latitude and Longitude
2021-08-07 18:45:17,517 - INFO - __init__ - Connecting to ipinfo api
2021-08-07 18:45:17,995 - INFO - __init__ - Connection to ipinfo api successful
2021-08-07 18:45:17,996 - INFO - get_latlon - Getting Latitude and Longitude
2021-08-07 18:45:24,707 - INFO - __init__ - Connecting to ipinfo api
2021-08-07 18:45:25,162 - INFO - __init__ - Connection to ipinfo api successful
2021-08-07 18:45:25,162 - INFO - get_latlon - Getting Latitude and Longitude
2021-08-07 18:45:35,154 - INFO - __init__ - Connecting to ipinfo api
2021-08-07 18:45:35,684 - INFO - __init__ - Connection to ipinfo api successful
2021-08-07 18:45:35,685 - INFO - get_latlon - Getting Latitude and Longitude
2021-08-07 18:49:04,411 - INFO - __init__ - Connecting to ipinfo api
2021-08-07 18:49:04,867 - INFO - __init__ - Connection to ipinfo api successful
2021-08-07 18:49:04,868 - INFO - get_latlon - Getting Latitude and Longitude
2021-08-07 18:49:08,957 - INFO - __init__ - Connecting to ipinfo api
2021-08-07 18:49:09,429 - INFO - __init__ - Connection to ipinfo api successful
2021-08-07 18:49:09,429 - INFO - get_latlon - Getting Latitude and Longitude
2021-08-07 18:49:27,693 - INFO - __init__ - Connecting to ipinfo api
2021-08-07 18:49:28,170 - INFO - __init__ - Connection to ipinfo api successful
2021-08-07 18:49:28,171 - INFO - get_latlon - Getting Latitude and Longitude
2021-08-07 18:52:07,579 - INFO - __init__ - Connecting to ipinfo api
2021-08-07 18:52:08,131 - INFO - __init__ - Connection to ipinfo api successful
2021-08-07 18:52:08,131 - INFO - get_latlon - Getting Latitude and Longitude
2021-08-07 18:52:51,404 - INFO - __init__ - Connecting to ipinfo api
2021-08-07 18:52:51,934 - INFO - __init__ - Connection to ipinfo api successful
2021-08-07 18:52:51,934 - INFO - get_latlon - Getting Latitude and Longitude
2021-08-07 18:52:55,070 - INFO - __init__ - Connecting to ipinfo api
2021-08-07 18:52:55,530 - INFO - __init__ - Connection to ipinfo api successful
2021-08-07 18:52:55,530 - INFO - get_latlon - Getting Latitude and Longitude
2021-08-07 18:55:01,717 - INFO - __init__ - Connecting to ipinfo api
2021-08-07 18:55:02,207 - INFO - __init__ - Connection to ipinfo api successful
2021-08-07 18:55:02,207 - INFO - get_latlon - Getting Latitude and Longitude
2021-08-07 18:56:51,181 - INFO - __init__ - Connecting to ipinfo api
2021-08-07 18:56:51,649 - INFO - __init__ - Connection to ipinfo api successful
2021-08-07 18:56:51,649 - INFO - get_latlon - Getting Latitude and Longitude
2021-08-07 18:56:54,694 - INFO - __init__ - Connecting to ipinfo api
2021-08-07 18:56:55,177 - INFO - __init__ - Connection to ipinfo api successful
2021-08-07 18:56:55,177 - INFO - get_latlon - Getting Latitude and Longitude
2021-08-07 18:58:03,299 - INFO - __init__ - Connecting to ipinfo api
2021-08-07 18:58:03,813 - INFO - __init__ - Connection to ipinfo api successful
2021-08-07 18:58:03,813 - INFO - get_latlon - Getting Latitude and Longitude
2021-08-07 18:58:09,587 - INFO - __init__ - Connecting to ipinfo api
2021-08-07 18:58:10,054 - INFO - __init__ - Connection to ipinfo api successful
2021-08-07 18:58:10,055 - INFO - get_latlon - Getting Latitude and Longitude
2021-08-07 18:58:15,716 - INFO - __init__ - Connecting to ipinfo api
2021-08-07 18:58:16,171 - INFO - __init__ - Connection to ipinfo api successful
2021-08-07 18:58:16,171 - INFO - get_latlon - Getting Latitude and Longitude
2021-08-07 18:58:36,776 - INFO - __init__ - Connecting to ipinfo api
2021-08-07 18:58:37,307 - INFO - __init__ - Connection to ipinfo api successful
2021-08-07 18:58:37,307 - INFO - get_latlon - Getting Latitude and Longitude
2021-08-07 18:58:43,347 - INFO - __init__ - Connecting to ipinfo api
2021-08-07 18:58:43,835 - INFO - __init__ - Connection to ipinfo api successful
2021-08-07 18:58:43,835 - INFO - get_latlon - Getting Latitude and Longitude
2021-08-07 18:59:07,163 - INFO - __init__ - Connecting to ipinfo api
2021-08-07 18:59:07,640 - INFO - __init__ - Connection to ipinfo api successful
2021-08-07 18:59:07,641 - INFO - get_latlon - Getting Latitude and Longitude
2021-08-07 18:59:16,269 - INFO - __init__ - Connecting to ipinfo api
2021-08-07 18:59:16,747 - INFO - __init__ - Connection to ipinfo api successful
2021-08-07 18:59:16,747 - INFO - get_latlon - Getting Latitude and Longitude
2021-08-07 19:04:13,240 - INFO - __init__ - Connecting to ipinfo api
2021-08-07 19:04:13,705 - INFO - __init__ - Connection to ipinfo api successful
2021-08-07 19:04:13,705 - INFO - get_latlon - Getting Latitude and Longitude
2021-08-07 19:04:17,286 - INFO - __init__ - Connecting to ipinfo api
2021-08-07 19:04:17,754 - INFO - __init__ - Connection to ipinfo api successful
2021-08-07 19:04:17,754 - INFO - get_latlon - Getting Latitude and Longitude
2021-08-07 19:05:04,825 - INFO - __init__ - Connecting to ipinfo api
2021-08-07 19:05:05,303 - INFO - __init__ - Connection to ipinfo api successful
2021-08-07 19:05:05,303 - INFO - get_latlon - Getting Latitude and Longitude
2021-08-07 19:05:41,436 - INFO - __init__ - Connecting to ipinfo api
2021-08-07 19:05:41,954 - INFO - __init__ - Connection to ipinfo api successful
2021-08-07 19:05:41,954 - INFO - get_latlon - Getting Latitude and Longitude
2021-08-07 19:05:44,828 - INFO - __init__ - Connecting to ipinfo api
2021-08-07 19:05:45,286 - INFO - __init__ - Connection to ipinfo api successful
2021-08-07 19:05:45,286 - INFO - get_latlon - Getting Latitude and Longitude
2021-08-07 19:22:49,729 - INFO - __init__ - Connecting to ipinfo api
2021-08-07 19:22:50,201 - INFO - __init__ - Connection to ipinfo api successful
2021-08-07 19:22:50,201 - INFO - get_latlon - Getting Latitude and Longitude
2021-08-07 19:22:52,797 - INFO - __init__ - Connecting to ipinfo api
2021-08-07 19:22:53,275 - INFO - __init__ - Connection to ipinfo api successful
2021-08-07 19:22:53,275 - INFO - get_latlon - Getting Latitude and Longitude
2021-08-07 19:25:41,810 - INFO - __init__ - Connecting to ipinfo api
2021-08-07 19:25:42,260 - INFO - __init__ - Connection to ipinfo api successful
2021-08-07 19:25:42,260 - INFO - get_latlon - Getting Latitude and Longitude
2021-08-07 19:26:07,747 - INFO - __init__ - Connecting to ipinfo api
2021-08-07 19:26:08,204 - INFO - __init__ - Connection to ipinfo api successful
2021-08-07 19:26:08,204 - INFO - get_latlon - Getting Latitude and Longitude
2021-08-07 19:26:16,791 - INFO - __init__ - Connecting to ipinfo api
2021-08-07 19:26:17,345 - INFO - __init__ - Connection to ipinfo api successful
2021-08-07 19:26:17,346 - INFO - get_latlon - Getting Latitude and Longitude
2021-08-07 19:26:40,608 - INFO - __init__ - Connecting to ipinfo api
2021-08-07 19:26:41,058 - INFO - __init__ - Connection to ipinfo api successful
2021-08-07 19:26:41,058 - INFO - get_latlon - Getting Latitude and Longitude
2021-08-07 19:40:55,623 - INFO - __init__ - Connecting to ipinfo api
2021-08-07 19:40:56,168 - INFO - __init__ - Connection to ipinfo api successful
2021-08-07 19:40:56,169 - INFO - get_latlon - Getting Latitude and Longitude
2021-08-07 19:40:59,174 - INFO - __init__ - Connecting to ipinfo api
2021-08-07 19:40:59,671 - INFO - __init__ - Connection to ipinfo api successful
2021-08-07 19:40:59,671 - INFO - get_latlon - Getting Latitude and Longitude
2021-08-07 19:44:07,684 - INFO - __init__ - Connecting to ipinfo api
2021-08-07 19:44:08,140 - INFO - __init__ - Connection to ipinfo api successful
2021-08-07 19:44:08,141 - INFO - get_latlon - Getting Latitude and Longitude
2021-08-07 19:44:15,689 - INFO - __init__ - Connecting to ipinfo api
2021-08-07 19:44:16,143 - INFO - __init__ - Connection to ipinfo api successful
2021-08-07 19:44:16,143 - INFO - get_latlon - Getting Latitude and Longitude
2021-08-07 19:47:14,154 - INFO - __init__ - Connecting to ipinfo api
2021-08-07 19:47:14,618 - INFO - __init__ - Connection to ipinfo api successful
2021-08-07 19:47:14,619 - INFO - get_latlon - Getting Latitude and Longitude
2021-08-07 19:47:17,397 - INFO - __init__ - Connecting to ipinfo api
2021-08-07 19:47:17,919 - INFO - __init__ - Connection to ipinfo api successful
2021-08-07 19:47:17,919 - INFO - get_latlon - Getting Latitude and Longitude
2021-08-07 19:48:39,754 - INFO - __init__ - Connecting to ipinfo api
2021-08-07 19:48:40,272 - INFO - __init__ - Connection to ipinfo api successful
2021-08-07 19:48:40,272 - INFO - get_latlon - Getting Latitude and Longitude
2021-08-07 19:50:41,965 - INFO - __init__ - Connecting to ipinfo api
2021-08-07 19:50:42,487 - INFO - __init__ - Connection to ipinfo api successful
2021-08-07 19:50:42,487 - INFO - get_latlon - Getting Latitude and Longitude
2021-08-07 19:50:51,503 - INFO - __init__ - Connecting to ipinfo api
2021-08-07 19:50:51,970 - INFO - __init__ - Connection to ipinfo api successful
2021-08-07 19:50:51,970 - INFO - get_latlon - Getting Latitude and Longitude
2021-08-07 19:56:05,605 - INFO - __init__ - Connecting to ipinfo api
2021-08-07 19:56:06,105 - INFO - __init__ - Connection to ipinfo api successful
2021-08-07 19:56:06,106 - INFO - get_latlon - Getting Latitude and Longitude
2021-08-07 19:56:09,195 - INFO - __init__ - Connecting to ipinfo api
2021-08-07 19:56:09,673 - INFO - __init__ - Connection to ipinfo api successful
2021-08-07 19:56:09,674 - INFO - get_latlon - Getting Latitude and Longitude
2021-08-08 00:04:43,903 - INFO - __init__ - Connecting to ipinfo api
2021-08-08 00:04:44,537 - INFO - __init__ - Connection to ipinfo api successful
2021-08-08 00:04:44,537 - INFO - get_latlon - Getting Latitude and Longitude
2021-08-08 00:05:03,080 - INFO - __init__ - Connecting to ipinfo api
2021-08-08 00:05:03,543 - INFO - __init__ - Connection to ipinfo api successful
2021-08-08 00:05:03,544 - INFO - get_latlon - Getting Latitude and Longitude
2021-08-08 00:08:36,662 - INFO - __init__ - Connecting to ipinfo api
2021-08-08 00:08:37,150 - INFO - __init__ - Connection to ipinfo api successful
2021-08-08 00:08:37,150 - INFO - get_latlon - Getting Latitude and Longitude
2021-08-08 00:08:54,525 - INFO - __init__ - Connecting to ipinfo api
2021-08-08 00:08:54,981 - INFO - __init__ - Connection to ipinfo api successful
2021-08-08 00:08:54,981 - INFO - get_latlon - Getting Latitude and Longitude
2021-08-08 00:09:25,991 - INFO - __init__ - Connecting to ipinfo api
2021-08-08 00:09:26,493 - INFO - __init__ - Connection to ipinfo api successful
2021-08-08 00:09:26,493 - INFO - get_latlon - Getting Latitude and Longitude
2021-08-08 00:09:44,278 - INFO - __init__ - Connecting to ipinfo api
2021-08-08 00:09:44,749 - INFO - __init__ - Connection to ipinfo api successful
2021-08-08 00:09:44,749 - INFO - get_latlon - Getting Latitude and Longitude
2021-08-08 00:11:02,537 - INFO - __init__ - Connecting to ipinfo api
2021-08-08 00:11:03,053 - INFO - __init__ - Connection to ipinfo api successful
2021-08-08 00:11:03,053 - INFO - get_latlon - Getting Latitude and Longitude
2021-08-08 00:11:23,863 - INFO - __init__ - Connecting to ipinfo api
2021-08-08 00:11:24,326 - INFO - __init__ - Connection to ipinfo api successful
2021-08-08 00:11:24,326 - INFO - get_latlon - Getting Latitude and Longitude
2021-08-08 00:13:23,859 - INFO - __init__ - Connecting to ipinfo api
2021-08-08 00:13:24,366 - INFO - __init__ - Connection to ipinfo api successful
2021-08-08 00:13:24,366 - INFO - get_latlon - Getting Latitude and Longitude
2021-08-08 00:15:12,870 - INFO - __init__ - Connecting to ipinfo api
2021-08-08 00:15:13,373 - INFO - __init__ - Connection to ipinfo api successful
2021-08-08 00:15:13,373 - INFO - get_latlon - Getting Latitude and Longitude
2021-08-08 00:15:27,817 - INFO - __init__ - Connecting to ipinfo api
2021-08-08 00:15:28,281 - INFO - __init__ - Connection to ipinfo api successful
2021-08-08 00:15:28,281 - INFO - get_latlon - Getting Latitude and Longitude
2021-08-08 00:20:41,278 - INFO - __init__ - Connecting to ipinfo api
2021-08-08 00:20:41,742 - INFO - __init__ - Connection to ipinfo api successful
2021-08-08 00:20:41,742 - INFO - get_latlon - Getting Latitude and Longitude
2021-08-08 00:20:59,188 - INFO - __init__ - Connecting to ipinfo api
2021-08-08 00:20:59,647 - INFO - __init__ - Connection to ipinfo api successful
2021-08-08 00:20:59,647 - INFO - get_latlon - Getting Latitude and Longitude
2021-08-08 00:23:06,006 - INFO - __init__ - Connecting to ipinfo api
2021-08-08 00:23:06,496 - INFO - __init__ - Connection to ipinfo api successful
2021-08-08 00:23:06,497 - INFO - get_latlon - Getting Latitude and Longitude
2021-08-08 00:23:23,774 - INFO - __init__ - Connecting to ipinfo api
2021-08-08 00:23:24,206 - INFO - __init__ - Connection to ipinfo api successful
2021-08-08 00:23:24,206 - INFO - get_latlon - Getting Latitude and Longitude
2021-08-08 00:25:50,452 - INFO - __init__ - Connecting to ipinfo api
2021-08-08 00:25:50,947 - INFO - __init__ - Connection to ipinfo api successful
2021-08-08 00:25:50,947 - INFO - get_latlon - Getting Latitude and Longitude
2021-08-08 00:26:10,181 - INFO - __init__ - Connecting to ipinfo api
2021-08-08 00:26:10,636 - INFO - __init__ - Connection to ipinfo api successful
2021-08-08 00:26:10,636 - INFO - get_latlon - Getting Latitude and Longitude
2021-08-09 14:34:32,231 - INFO - __init__ - Connecting to ipinfo api
2021-08-09 14:34:33,258 - INFO - __init__ - Connection to ipinfo api successful
2021-08-09 14:34:33,259 - INFO - get_latlon - Getting Latitude and Longitude
2021-08-09 14:34:49,307 - INFO - __init__ - Connecting to ipinfo api
2021-08-09 14:34:49,786 - INFO - __init__ - Connection to ipinfo api successful
2021-08-09 14:34:49,786 - INFO - get_latlon - Getting Latitude and Longitude
2021-08-09 14:35:53,265 - INFO - __init__ - Connecting to ipinfo api
2021-08-09 14:35:53,716 - INFO - __init__ - Connection to ipinfo api successful
2021-08-09 14:35:53,716 - INFO - get_latlon - Getting Latitude and Longitude
2021-08-09 14:36:47,699 - INFO - __init__ - Connecting to ipinfo api
2021-08-09 14:36:48,177 - INFO - __init__ - Connection to ipinfo api successful
2021-08-09 14:36:48,177 - INFO - get_latlon - Getting Latitude and Longitude
2021-08-09 14:37:30,603 - INFO - __init__ - Connecting to ipinfo api
2021-08-09 14:37:31,080 - INFO - __init__ - Connection to ipinfo api successful
2021-08-09 14:37:31,080 - INFO - get_latlon - Getting Latitude and Longitude
2021-08-09 14:37:59,398 - INFO - __init__ - Connecting to ipinfo api
2021-08-09 14:37:59,907 - INFO - __init__ - Connection to ipinfo api successful
2021-08-09 14:37:59,908 - INFO - get_latlon - Getting Latitude and Longitude
2021-08-09 14:38:43,206 - INFO - __init__ - Connecting to ipinfo api
2021-08-09 14:38:43,744 - INFO - __init__ - Connection to ipinfo api successful
2021-08-09 14:38:43,745 - INFO - get_latlon - Getting Latitude and Longitude
2021-08-09 14:39:19,454 - INFO - __init__ - Connecting to ipinfo api
2021-08-09 14:39:19,925 - INFO - __init__ - Connection to ipinfo api successful
2021-08-09 14:39:19,925 - INFO - get_latlon - Getting Latitude and Longitude
2021-08-09 14:39:38,497 - INFO - __init__ - Connecting to ipinfo api
2021-08-09 14:39:38,970 - INFO - __init__ - Connection to ipinfo api successful
2021-08-09 14:39:38,971 - INFO - get_latlon - Getting Latitude and Longitude
2021-08-09 14:40:13,735 - INFO - __init__ - Connecting to ipinfo api
2021-08-09 14:40:14,246 - INFO - __init__ - Connection to ipinfo api successful
2021-08-09 14:40:14,246 - INFO - get_latlon - Getting Latitude and Longitude
2021-08-09 20:39:05,795 - INFO - __init__ - Connecting to ipinfo api
2021-08-09 20:39:06,830 - INFO - __init__ - Connection to ipinfo api successful
2021-08-09 20:39:06,830 - INFO - get_latlon - Getting Latitude and Longitude
2021-08-09 20:39:23,862 - INFO - __init__ - Connecting to ipinfo api
2021-08-09 20:39:24,344 - INFO - __init__ - Connection to ipinfo api successful
2021-08-09 20:39:24,344 - INFO - get_latlon - Getting Latitude and Longitude
