2021-08-04 11:10:52,415 - INFO - __init__ - Initializing OpenWeather Class
2021-08-04 11:10:52,476 - INFO - __init__ - Error at class initilization:- cannot unpack non-iterable NoneType object
2021-08-04 11:10:54,859 - INFO - __init__ - Initializing OpenWeather Class
2021-08-04 11:10:54,863 - INFO - __init__ - Error at class initilization:- cannot unpack non-iterable NoneType object
2021-08-04 11:12:20,270 - INFO - __init__ - Initializing OpenWeather Class
2021-08-04 11:12:20,273 - INFO - __init__ - Error at class initilization:- cannot unpack non-iterable NoneType object
2021-08-04 11:12:22,512 - INFO - __init__ - Initializing OpenWeather Class
2021-08-04 11:12:22,516 - INFO - __init__ - Error at class initilization:- cannot unpack non-iterable NoneType object
2021-08-04 12:03:49,552 - INFO - __init__ - Initializing OpenWeather Class
2021-08-04 12:03:49,586 - INFO - __init__ - Error at class initilization:- cannot unpack non-iterable NoneType object
2021-08-04 12:03:51,993 - INFO - __init__ - Initializing OpenWeather Class
2021-08-04 12:03:51,997 - INFO - __init__ - Error at class initilization:- cannot unpack non-iterable NoneType object
2021-08-04 12:04:00,709 - INFO - get_weathersit - Getting weathersit from requests
2021-08-04 12:04:00,709 - ERROR - get_weathersit - Error in getting weathersit from requests:- 'OpenWeather' object has no attribute 'res'
2021-08-04 12:04:00,710 - INFO - get_temp - Getting temp from requests
2021-08-04 12:04:00,710 - ERROR - get_temp - Error in getting temp from requests:- 'OpenWeather' object has no attribute 'res'
2021-08-04 12:04:00,711 - INFO - get_feels_like - Getting feels_like from requests
2021-08-04 12:04:00,712 - ERROR - get_feels_like - Error in getting feels_like from requests:- 'OpenWeather' object has no attribute 'res'
2021-08-04 12:04:00,712 - INFO - get_humidity - Getting humidity from requests
2021-08-04 12:04:00,712 - ERROR - get_humidity - Error in getting humidity from requests:- 'OpenWeather' object has no attribute 'res'
2021-08-04 12:04:00,713 - INFO - get_wind_speed - Getting wind speed from requests
2021-08-04 12:04:00,713 - ERROR - get_wind_speed - Error in getting wind speed from requests:- 'OpenWeather' object has no attribute 'res'
2021-08-04 12:04:43,193 - INFO - __init__ - Initializing OpenWeather Class
2021-08-04 12:04:43,199 - INFO - __init__ - Error at class initilization:- cannot unpack non-iterable NoneType object
2021-08-04 12:04:54,004 - INFO - get_weathersit - Getting weathersit from requests
2021-08-04 12:04:54,004 - ERROR - get_weathersit - Error in getting weathersit from requests:- 'OpenWeather' object has no attribute 'res'
2021-08-04 12:04:54,004 - INFO - get_temp - Getting temp from requests
2021-08-04 12:04:54,004 - ERROR - get_temp - Error in getting temp from requests:- 'OpenWeather' object has no attribute 'res'
2021-08-04 12:04:54,005 - INFO - get_feels_like - Getting feels_like from requests
2021-08-04 12:04:54,005 - ERROR - get_feels_like - Error in getting feels_like from requests:- 'OpenWeather' object has no attribute 'res'
2021-08-04 12:04:54,005 - INFO - get_humidity - Getting humidity from requests
2021-08-04 12:04:54,005 - ERROR - get_humidity - Error in getting humidity from requests:- 'OpenWeather' object has no attribute 'res'
2021-08-04 12:04:54,005 - INFO - get_wind_speed - Getting wind speed from requests
2021-08-04 12:04:54,006 - ERROR - get_wind_speed - Error in getting wind speed from requests:- 'OpenWeather' object has no attribute 'res'
2021-08-04 12:07:00,172 - INFO - __init__ - Initializing OpenWeather Class
2021-08-04 12:07:00,176 - INFO - __init__ - Error at class initilization:- cannot unpack non-iterable NoneType object
2021-08-04 12:07:07,844 - INFO - __init__ - Initializing OpenWeather Class
2021-08-04 12:07:07,848 - INFO - __init__ - Error at class initilization:- cannot unpack non-iterable NoneType object
2021-08-04 12:07:13,309 - INFO - get_weathersit - Getting weathersit from requests
2021-08-04 12:07:13,309 - ERROR - get_weathersit - Error in getting weathersit from requests:- 'OpenWeather' object has no attribute 'res'
2021-08-04 12:07:13,310 - INFO - get_temp - Getting temp from requests
2021-08-04 12:07:13,310 - ERROR - get_temp - Error in getting temp from requests:- 'OpenWeather' object has no attribute 'res'
2021-08-04 12:07:13,310 - INFO - get_feels_like - Getting feels_like from requests
2021-08-04 12:07:13,310 - ERROR - get_feels_like - Error in getting feels_like from requests:- 'OpenWeather' object has no attribute 'res'
2021-08-04 12:07:13,310 - INFO - get_humidity - Getting humidity from requests
2021-08-04 12:07:13,310 - ERROR - get_humidity - Error in getting humidity from requests:- 'OpenWeather' object has no attribute 'res'
2021-08-04 12:07:13,311 - INFO - get_wind_speed - Getting wind speed from requests
2021-08-04 12:07:13,311 - ERROR - get_wind_speed - Error in getting wind speed from requests:- 'OpenWeather' object has no attribute 'res'
2021-08-04 12:10:14,970 - INFO - __init__ - Initializing OpenWeather Class
2021-08-04 12:10:14,974 - INFO - __init__ - Error at class initilization:- cannot unpack non-iterable NoneType object
2021-08-04 12:10:17,511 - INFO - __init__ - Initializing OpenWeather Class
2021-08-04 12:10:17,516 - INFO - __init__ - Error at class initilization:- cannot unpack non-iterable NoneType object
2021-08-04 12:11:26,109 - INFO - __init__ - Initializing OpenWeather Class
2021-08-04 12:11:26,113 - INFO - __init__ - Error at class initilization:- cannot unpack non-iterable NoneType object
2021-08-04 12:12:39,409 - INFO - __init__ - Initializing OpenWeather Class
2021-08-04 12:12:39,414 - INFO - __init__ - Error at class initilization:- cannot unpack non-iterable NoneType object
2021-08-04 12:12:45,295 - INFO - __init__ - Initializing OpenWeather Class
2021-08-04 12:12:45,300 - INFO - __init__ - Error at class initilization:- cannot unpack non-iterable NoneType object
2021-08-04 12:12:56,375 - INFO - __init__ - Initializing OpenWeather Class
2021-08-04 12:12:56,381 - INFO - __init__ - Error at class initilization:- cannot unpack non-iterable NoneType object
2021-08-04 12:12:59,432 - INFO - __init__ - Initializing OpenWeather Class
2021-08-04 12:12:59,437 - INFO - __init__ - Error at class initilization:- cannot unpack non-iterable NoneType object
2021-08-04 12:13:33,580 - INFO - __init__ - Initializing OpenWeather Class
2021-08-04 12:13:33,585 - INFO - __init__ - Error at class initilization:- cannot unpack non-iterable NoneType object
2021-08-04 12:13:52,579 - INFO - __init__ - Initializing OpenWeather Class
2021-08-04 12:13:52,585 - INFO - __init__ - Error at class initilization:- cannot unpack non-iterable NoneType object
2021-08-04 12:14:38,310 - INFO - __init__ - Initializing OpenWeather Class
2021-08-04 12:14:38,316 - INFO - __init__ - Error at class initilization:- cannot unpack non-iterable NoneType object
2021-08-04 12:14:41,337 - INFO - __init__ - Initializing OpenWeather Class
2021-08-04 12:14:41,343 - INFO - __init__ - Error at class initilization:- cannot unpack non-iterable NoneType object
2021-08-04 12:14:48,744 - INFO - get_weathersit - Getting weathersit from requests
2021-08-04 12:14:48,744 - ERROR - get_weathersit - Error in getting weathersit from requests:- 'OpenWeather' object has no attribute 'res'
2021-08-04 12:14:48,744 - INFO - get_temp - Getting temp from requests
2021-08-04 12:14:48,744 - ERROR - get_temp - Error in getting temp from requests:- 'OpenWeather' object has no attribute 'res'
2021-08-04 12:14:48,744 - INFO - get_feels_like - Getting feels_like from requests
2021-08-04 12:14:48,744 - ERROR - get_feels_like - Error in getting feels_like from requests:- 'OpenWeather' object has no attribute 'res'
2021-08-04 12:14:48,745 - INFO - get_humidity - Getting humidity from requests
2021-08-04 12:14:48,745 - ERROR - get_humidity - Error in getting humidity from requests:- 'OpenWeather' object has no attribute 'res'
2021-08-04 12:14:48,745 - INFO - get_wind_speed - Getting wind speed from requests
2021-08-04 12:14:48,745 - ERROR - get_wind_speed - Error in getting wind speed from requests:- 'OpenWeather' object has no attribute 'res'
2021-08-04 12:17:55,758 - INFO - __init__ - Initializing OpenWeather Class
2021-08-04 12:17:55,762 - INFO - __init__ - Error at OpenWeather class initilization:- cannot unpack non-iterable NoneType object
2021-08-04 12:21:02,509 - INFO - __init__ - Initializing OpenWeather Class
2021-08-04 12:21:02,513 - INFO - __init__ - Error at OpenWeather class initilization:- cannot unpack non-iterable NoneType object
2021-08-04 12:22:00,552 - INFO - __init__ - Initializing OpenWeather Class
2021-08-04 12:22:00,555 - INFO - __init__ - Failed to recive lat lon form ipinof class cannot unpack non-iterable NoneType object
2021-08-04 12:22:00,555 - INFO - __init__ - Error at OpenWeather class initilization:- 'OpenWeather' object has no attribute 'lat'
2021-08-04 12:22:03,076 - INFO - __init__ - Initializing OpenWeather Class
2021-08-04 12:22:03,080 - INFO - __init__ - Failed to recive lat lon form ipinof class cannot unpack non-iterable NoneType object
2021-08-04 12:22:03,080 - INFO - __init__ - Error at OpenWeather class initilization:- 'OpenWeather' object has no attribute 'lat'
2021-08-04 12:22:14,561 - INFO - get_weathersit - Getting weathersit from requests
2021-08-04 12:22:14,561 - ERROR - get_weathersit - Error in getting weathersit from requests:- 'OpenWeather' object has no attribute 'res'
2021-08-04 12:22:14,561 - INFO - get_temp - Getting temp from requests
2021-08-04 12:22:14,561 - ERROR - get_temp - Error in getting temp from requests:- 'OpenWeather' object has no attribute 'res'
2021-08-04 12:22:14,562 - INFO - get_feels_like - Getting feels_like from requests
2021-08-04 12:22:14,562 - ERROR - get_feels_like - Error in getting feels_like from requests:- 'OpenWeather' object has no attribute 'res'
2021-08-04 12:22:14,562 - INFO - get_humidity - Getting humidity from requests
2021-08-04 12:22:14,562 - ERROR - get_humidity - Error in getting humidity from requests:- 'OpenWeather' object has no attribute 'res'
2021-08-04 12:22:14,562 - INFO - get_wind_speed - Getting wind speed from requests
2021-08-04 12:22:14,562 - ERROR - get_wind_speed - Error in getting wind speed from requests:- 'OpenWeather' object has no attribute 'res'
2021-08-04 12:27:46,595 - INFO - __init__ - Initializing OpenWeather Class
2021-08-04 12:27:46,601 - INFO - __init__ - Failed to recieve lat lon form ipinof class cannot unpack non-iterable NoneType object
2021-08-04 12:27:46,601 - INFO - __init__ - Error at OpenWeather class initilization:- 'OpenWeather' object has no attribute 'lat'
2021-08-04 12:27:50,429 - INFO - __init__ - Initializing OpenWeather Class
2021-08-04 12:27:50,432 - INFO - __init__ - Failed to recieve lat lon form ipinof class cannot unpack non-iterable NoneType object
2021-08-04 12:27:50,432 - INFO - __init__ - Error at OpenWeather class initilization:- 'OpenWeather' object has no attribute 'lat'
2021-08-04 12:30:21,035 - INFO - __init__ - Initializing OpenWeather Class
2021-08-04 12:30:21,039 - INFO - __init__ - Failed to recieve lat lon form ipino class cannot unpack non-iterable NoneType object
2021-08-04 12:30:21,039 - INFO - __init__ - Error at OpenWeather class initilization:- 'OpenWeather' object has no attribute 'lat'
2021-08-04 12:34:08,267 - INFO - __init__ - Initializing OpenWeather Class
2021-08-04 12:34:08,801 - INFO - __init__ - Success to get latlon from LatLon class
2021-08-04 12:34:08,801 - INFO - __init__ - Starting connection to openweathermap.org
2021-08-04 12:34:09,142 - INFO - __init__ - Success to get response from openweathermap.org
2021-08-04 12:34:12,093 - INFO - __init__ - Initializing OpenWeather Class
2021-08-04 12:34:12,583 - INFO - __init__ - Success to get latlon from LatLon class
2021-08-04 12:34:12,583 - INFO - __init__ - Starting connection to openweathermap.org
2021-08-04 12:34:12,900 - INFO - __init__ - Success to get response from openweathermap.org
2021-08-04 12:34:18,457 - INFO - get_weathersit - Getting weathersit from requests
2021-08-04 12:34:18,457 - INFO - get_weathersit - Success to get weathersit from requests
2021-08-04 12:34:18,458 - INFO - get_temp - Getting temp from requests
2021-08-04 12:34:18,458 - INFO - get_temp - Success to get temp from requests
2021-08-04 12:34:18,458 - INFO - get_feels_like - Getting feels_like from requests
2021-08-04 12:34:18,458 - INFO - get_feels_like - Success to get feels_like from requests
2021-08-04 12:34:18,458 - INFO - get_humidity - Getting humidity from requests
2021-08-04 12:34:18,458 - INFO - get_humidity - Success to get humidity from requests
2021-08-04 12:34:18,459 - INFO - get_wind_speed - Getting wind speed from requests
2021-08-04 12:34:18,459 - INFO - get_wind_speed - Success to get wind speed from requests
2021-08-04 12:35:26,422 - INFO - __init__ - Initializing OpenWeather Class
2021-08-04 12:35:26,917 - INFO - __init__ - Success to get latlon from LatLon class
2021-08-04 12:35:26,917 - INFO - __init__ - Starting connection to openweathermap.org
2021-08-04 12:35:27,223 - INFO - __init__ - Success to get response from openweathermap.org
2021-08-04 12:35:33,029 - INFO - __init__ - Initializing OpenWeather Class
2021-08-04 12:35:33,495 - INFO - __init__ - Success to get latlon from LatLon class
2021-08-04 12:35:33,495 - INFO - __init__ - Starting connection to openweathermap.org
2021-08-04 12:35:33,800 - INFO - __init__ - Success to get response from openweathermap.org
2021-08-04 12:35:37,564 - INFO - __init__ - Initializing OpenWeather Class
2021-08-04 12:35:38,027 - INFO - __init__ - Success to get latlon from LatLon class
2021-08-04 12:35:38,028 - INFO - __init__ - Starting connection to openweathermap.org
2021-08-04 12:35:38,325 - INFO - __init__ - Success to get response from openweathermap.org
2021-08-04 12:38:35,097 - INFO - __init__ - Initializing OpenWeather Class
2021-08-04 12:38:35,585 - INFO - __init__ - Success to get latlon from LatLon class
2021-08-04 12:38:35,585 - INFO - __init__ - Starting connection to openweathermap.org
2021-08-04 12:38:35,888 - INFO - __init__ - Success to get response from openweathermap.org
2021-08-04 12:38:46,469 - INFO - __init__ - Initializing OpenWeather Class
2021-08-04 12:38:46,945 - INFO - __init__ - Success to get latlon from LatLon class
2021-08-04 12:38:46,946 - INFO - __init__ - Starting connection to openweathermap.org
2021-08-04 12:38:47,262 - INFO - __init__ - Success to get response from openweathermap.org
2021-08-04 12:38:54,696 - INFO - __init__ - Initializing OpenWeather Class
2021-08-04 12:38:55,162 - INFO - __init__ - Success to get latlon from LatLon class
2021-08-04 12:38:55,163 - INFO - __init__ - Starting connection to openweathermap.org
2021-08-04 12:38:55,488 - INFO - __init__ - Success to get response from openweathermap.org
2021-08-04 12:39:00,423 - INFO - __init__ - Initializing OpenWeather Class
2021-08-04 12:39:00,884 - INFO - __init__ - Success to get latlon from LatLon class
2021-08-04 12:39:00,884 - INFO - __init__ - Starting connection to openweathermap.org
2021-08-04 12:39:01,206 - INFO - __init__ - Success to get response from openweathermap.org
2021-08-04 12:39:06,684 - INFO - __init__ - Initializing OpenWeather Class
2021-08-04 12:39:07,152 - INFO - __init__ - Success to get latlon from LatLon class
2021-08-04 12:39:07,152 - INFO - __init__ - Starting connection to openweathermap.org
2021-08-04 12:39:07,462 - INFO - __init__ - Success to get response from openweathermap.org
2021-08-04 12:39:14,886 - INFO - __init__ - Initializing OpenWeather Class
2021-08-04 12:39:15,366 - INFO - __init__ - Success to get latlon from LatLon class
2021-08-04 12:39:15,366 - INFO - __init__ - Starting connection to openweathermap.org
2021-08-04 12:39:15,689 - INFO - __init__ - Success to get response from openweathermap.org
2021-08-04 12:39:21,486 - INFO - __init__ - Initializing OpenWeather Class
2021-08-04 12:39:21,992 - INFO - __init__ - Success to get latlon from LatLon class
2021-08-04 12:39:21,992 - INFO - __init__ - Starting connection to openweathermap.org
2021-08-04 12:39:22,299 - INFO - __init__ - Success to get response from openweathermap.org
2021-08-04 12:45:12,854 - INFO - __init__ - Initializing OpenWeather Class
2021-08-04 12:45:13,316 - INFO - __init__ - Success to get latlon from LatLon class
2021-08-04 12:45:13,317 - INFO - __init__ - Starting connection to openweathermap.org
2021-08-04 12:45:13,645 - INFO - __init__ - Success to get response from openweathermap.org
2021-08-04 12:45:20,629 - INFO - __init__ - Initializing OpenWeather Class
2021-08-04 12:45:21,122 - INFO - __init__ - Success to get latlon from LatLon class
2021-08-04 12:45:21,122 - INFO - __init__ - Starting connection to openweathermap.org
2021-08-04 12:45:21,426 - INFO - __init__ - Success to get response from openweathermap.org
2021-08-04 12:45:29,918 - INFO - __init__ - Initializing OpenWeather Class
2021-08-04 12:45:30,390 - INFO - __init__ - Success to get latlon from LatLon class
2021-08-04 12:45:30,390 - INFO - __init__ - Starting connection to openweathermap.org
2021-08-04 12:45:30,687 - INFO - __init__ - Success to get response from openweathermap.org
2021-08-04 12:45:35,681 - INFO - __init__ - Initializing OpenWeather Class
2021-08-04 12:45:36,151 - INFO - __init__ - Success to get latlon from LatLon class
2021-08-04 12:45:36,151 - INFO - __init__ - Starting connection to openweathermap.org
2021-08-04 12:45:36,452 - INFO - __init__ - Success to get response from openweathermap.org
2021-08-04 12:45:42,994 - INFO - __init__ - Initializing OpenWeather Class
2021-08-04 12:45:43,450 - INFO - __init__ - Success to get latlon from LatLon class
2021-08-04 12:45:43,450 - INFO - __init__ - Starting connection to openweathermap.org
2021-08-04 12:45:43,766 - INFO - __init__ - Success to get response from openweathermap.org
2021-08-04 12:45:49,565 - INFO - __init__ - Initializing OpenWeather Class
2021-08-04 12:45:50,028 - INFO - __init__ - Success to get latlon from LatLon class
2021-08-04 12:45:50,028 - INFO - __init__ - Starting connection to openweathermap.org
2021-08-04 12:45:50,346 - INFO - __init__ - Success to get response from openweathermap.org
2021-08-04 12:45:59,703 - INFO - __init__ - Initializing OpenWeather Class
2021-08-04 12:46:00,146 - INFO - __init__ - Success to get latlon from LatLon class
2021-08-04 12:46:00,146 - INFO - __init__ - Starting connection to openweathermap.org
2021-08-04 12:46:00,455 - INFO - __init__ - Success to get response from openweathermap.org
2021-08-04 12:46:17,560 - INFO - __init__ - Initializing OpenWeather Class
2021-08-04 12:46:18,068 - INFO - __init__ - Success to get latlon from LatLon class
2021-08-04 12:46:18,068 - INFO - __init__ - Starting connection to openweathermap.org
2021-08-04 12:46:18,387 - INFO - __init__ - Success to get response from openweathermap.org
2021-08-04 12:46:24,092 - INFO - __init__ - Initializing OpenWeather Class
2021-08-04 12:46:24,582 - INFO - __init__ - Success to get latlon from LatLon class
2021-08-04 12:46:24,582 - INFO - __init__ - Starting connection to openweathermap.org
2021-08-04 12:46:24,891 - INFO - __init__ - Success to get response from openweathermap.org
2021-08-04 12:46:30,195 - INFO - __init__ - Initializing OpenWeather Class
2021-08-04 12:46:30,676 - INFO - __init__ - Success to get latlon from LatLon class
2021-08-04 12:46:30,676 - INFO - __init__ - Starting connection to openweathermap.org
2021-08-04 12:46:31,000 - INFO - __init__ - Success to get response from openweathermap.org
2021-08-04 12:46:36,681 - INFO - __init__ - Initializing OpenWeather Class
2021-08-04 12:46:37,267 - INFO - __init__ - Success to get latlon from LatLon class
2021-08-04 12:46:37,267 - INFO - __init__ - Starting connection to openweathermap.org
2021-08-04 12:46:37,703 - INFO - __init__ - Success to get response from openweathermap.org
2021-08-04 12:46:43,486 - INFO - __init__ - Initializing OpenWeather Class
2021-08-04 12:46:43,958 - INFO - __init__ - Success to get latlon from LatLon class
2021-08-04 12:46:43,958 - INFO - __init__ - Starting connection to openweathermap.org
2021-08-04 12:46:44,274 - INFO - __init__ - Success to get response from openweathermap.org
2021-08-04 12:46:52,376 - INFO - __init__ - Initializing OpenWeather Class
2021-08-04 12:46:52,848 - INFO - __init__ - Success to get latlon from LatLon class
2021-08-04 12:46:52,848 - INFO - __init__ - Starting connection to openweathermap.org
2021-08-04 12:46:53,156 - INFO - __init__ - Success to get response from openweathermap.org
2021-08-05 11:19:30,634 - INFO - __init__ - Initializing OpenWeather Class
2021-08-05 11:19:31,870 - INFO - __init__ - Success to get latlon from LatLon class
2021-08-05 11:19:31,871 - INFO - __init__ - Starting connection to openweathermap.org
2021-08-05 11:19:32,358 - INFO - __init__ - Success to get response from openweathermap.org
2021-08-05 11:19:51,319 - INFO - __init__ - Initializing OpenWeather Class
2021-08-05 11:19:51,776 - INFO - __init__ - Success to get latlon from LatLon class
2021-08-05 11:19:51,776 - INFO - __init__ - Starting connection to openweathermap.org
2021-08-05 11:19:52,091 - INFO - __init__ - Success to get response from openweathermap.org
2021-08-05 11:20:17,658 - INFO - get_weathersit - Getting weathersit from requests
2021-08-05 11:20:17,659 - INFO - get_weathersit - Success to get weathersit from requests
2021-08-05 11:20:17,756 - INFO - get_temp - Getting temp from requests
2021-08-05 11:20:17,757 - INFO - get_temp - Success to get temp from requests
2021-08-05 11:20:17,757 - INFO - get_feels_like - Getting feels_like from requests
2021-08-05 11:20:17,758 - INFO - get_feels_like - Success to get feels_like from requests
2021-08-05 11:20:17,758 - INFO - get_humidity - Getting humidity from requests
2021-08-05 11:20:17,758 - INFO - get_humidity - Success to get humidity from requests
2021-08-05 11:20:17,758 - INFO - get_wind_speed - Getting wind speed from requests
2021-08-05 11:20:17,758 - INFO - get_wind_speed - Success to get wind speed from requests
2021-08-05 11:38:21,207 - INFO - __init__ - Initializing OpenWeather Class
2021-08-05 11:38:21,671 - INFO - __init__ - Success to get latlon from LatLon class
2021-08-05 11:38:21,671 - INFO - __init__ - Starting connection to openweathermap.org
2021-08-05 11:38:22,025 - INFO - __init__ - Success to get response from openweathermap.org
2021-08-05 11:38:24,520 - INFO - __init__ - Initializing OpenWeather Class
2021-08-05 11:38:24,965 - INFO - __init__ - Success to get latlon from LatLon class
2021-08-05 11:38:24,965 - INFO - __init__ - Starting connection to openweathermap.org
2021-08-05 11:38:25,297 - INFO - __init__ - Success to get response from openweathermap.org
2021-08-05 11:38:45,551 - INFO - get_weathersit - Getting weathersit from requests
2021-08-05 11:38:45,551 - INFO - get_weathersit - Success to get weathersit from requests
2021-08-05 11:38:45,551 - INFO - get_temp - Getting temp from requests
2021-08-05 11:38:45,551 - INFO - get_temp - Success to get temp from requests
2021-08-05 11:38:45,552 - INFO - get_feels_like - Getting feels_like from requests
2021-08-05 11:38:45,552 - INFO - get_feels_like - Success to get feels_like from requests
2021-08-05 11:38:45,552 - INFO - get_humidity - Getting humidity from requests
2021-08-05 11:38:45,552 - INFO - get_humidity - Success to get humidity from requests
2021-08-05 11:38:45,552 - INFO - get_wind_speed - Getting wind speed from requests
2021-08-05 11:38:45,552 - INFO - get_wind_speed - Success to get wind speed from requests
2021-08-07 14:05:06,864 - INFO - __init__ - Initializing OpenWeather Class
2021-08-07 14:05:07,832 - INFO - __init__ - Success to get latlon from LatLon class
2021-08-07 14:05:07,832 - INFO - __init__ - Starting connection to openweathermap.org
2021-08-07 14:05:08,142 - INFO - __init__ - Success to get response from openweathermap.org
2021-08-07 14:05:10,497 - INFO - __init__ - Initializing OpenWeather Class
2021-08-07 14:05:10,968 - INFO - __init__ - Success to get latlon from LatLon class
2021-08-07 14:05:10,968 - INFO - __init__ - Starting connection to openweathermap.org
2021-08-07 14:05:11,268 - INFO - __init__ - Success to get response from openweathermap.org
2021-08-07 14:05:50,004 - INFO - get_weathersit - Getting weathersit from requests
2021-08-07 14:05:50,175 - INFO - get_weathersit - Success to get weathersit from requests
2021-08-07 14:05:50,175 - INFO - get_temp - Getting temp from requests
2021-08-07 14:05:50,176 - INFO - get_temp - Success to get temp from requests
2021-08-07 14:05:50,176 - INFO - get_feels_like - Getting feels_like from requests
2021-08-07 14:05:50,176 - INFO - get_feels_like - Success to get feels_like from requests
2021-08-07 14:05:50,176 - INFO - get_humidity - Getting humidity from requests
2021-08-07 14:05:50,176 - INFO - get_humidity - Success to get humidity from requests
2021-08-07 14:05:50,177 - INFO - get_wind_speed - Getting wind speed from requests
2021-08-07 14:05:50,177 - INFO - get_wind_speed - Success to get wind speed from requests
2021-08-07 14:12:51,834 - INFO - __init__ - Initializing OpenWeather Class
2021-08-07 14:12:52,356 - INFO - __init__ - Success to get latlon from LatLon class
2021-08-07 14:12:52,356 - INFO - __init__ - Starting connection to openweathermap.org
2021-08-07 14:12:52,657 - INFO - __init__ - Success to get response from openweathermap.org
2021-08-07 14:12:54,900 - INFO - __init__ - Initializing OpenWeather Class
2021-08-07 14:12:55,393 - INFO - __init__ - Success to get latlon from LatLon class
2021-08-07 14:12:55,393 - INFO - __init__ - Starting connection to openweathermap.org
2021-08-07 14:12:55,706 - INFO - __init__ - Success to get response from openweathermap.org
2021-08-07 14:14:03,025 - INFO - __init__ - Initializing OpenWeather Class
2021-08-07 14:14:03,575 - INFO - __init__ - Success to get latlon from LatLon class
2021-08-07 14:14:03,575 - INFO - __init__ - Starting connection to openweathermap.org
2021-08-07 14:14:03,875 - INFO - __init__ - Success to get response from openweathermap.org
2021-08-07 14:14:05,987 - INFO - __init__ - Initializing OpenWeather Class
2021-08-07 14:14:06,479 - INFO - __init__ - Success to get latlon from LatLon class
2021-08-07 14:14:06,479 - INFO - __init__ - Starting connection to openweathermap.org
2021-08-07 14:14:06,787 - INFO - __init__ - Success to get response from openweathermap.org
2021-08-07 14:26:48,608 - INFO - __init__ - Initializing OpenWeather Class
2021-08-07 14:26:49,138 - INFO - __init__ - Success to get latlon from LatLon class
2021-08-07 14:26:49,138 - INFO - __init__ - Starting connection to openweathermap.org
2021-08-07 14:26:49,443 - INFO - __init__ - Success to get response from openweathermap.org
2021-08-07 14:26:51,903 - INFO - __init__ - Initializing OpenWeather Class
2021-08-07 14:26:52,392 - INFO - __init__ - Success to get latlon from LatLon class
2021-08-07 14:26:52,392 - INFO - __init__ - Starting connection to openweathermap.org
2021-08-07 14:26:52,700 - INFO - __init__ - Success to get response from openweathermap.org
2021-08-07 18:27:09,197 - INFO - __init__ - Initializing OpenWeather Class
2021-08-07 18:27:10,358 - INFO - __init__ - Success to get latlon from LatLon class
2021-08-07 18:27:10,358 - INFO - __init__ - Starting connection to openweathermap.org
2021-08-07 18:27:10,712 - INFO - __init__ - Success to get response from openweathermap.org
2021-08-07 18:27:12,967 - INFO - __init__ - Initializing OpenWeather Class
2021-08-07 18:27:13,429 - INFO - __init__ - Success to get latlon from LatLon class
2021-08-07 18:27:13,429 - INFO - __init__ - Starting connection to openweathermap.org
2021-08-07 18:27:13,743 - INFO - __init__ - Success to get response from openweathermap.org
2021-08-07 18:28:10,416 - INFO - __init__ - Initializing OpenWeather Class
2021-08-07 18:28:10,944 - INFO - __init__ - Success to get latlon from LatLon class
2021-08-07 18:28:10,944 - INFO - __init__ - Starting connection to openweathermap.org
2021-08-07 18:28:11,286 - INFO - __init__ - Success to get response from openweathermap.org
2021-08-07 18:28:17,476 - INFO - __init__ - Initializing OpenWeather Class
2021-08-07 18:28:17,934 - INFO - __init__ - Success to get latlon from LatLon class
2021-08-07 18:28:17,934 - INFO - __init__ - Starting connection to openweathermap.org
2021-08-07 18:28:18,244 - INFO - __init__ - Success to get response from openweathermap.org
2021-08-07 18:28:34,434 - INFO - __init__ - Initializing OpenWeather Class
2021-08-07 18:28:34,955 - INFO - __init__ - Success to get latlon from LatLon class
2021-08-07 18:28:34,955 - INFO - __init__ - Starting connection to openweathermap.org
2021-08-07 18:28:35,296 - INFO - __init__ - Success to get response from openweathermap.org
2021-08-07 18:28:38,044 - INFO - __init__ - Initializing OpenWeather Class
2021-08-07 18:28:38,506 - INFO - __init__ - Success to get latlon from LatLon class
2021-08-07 18:28:38,506 - INFO - __init__ - Starting connection to openweathermap.org
2021-08-07 18:28:38,848 - INFO - __init__ - Success to get response from openweathermap.org
2021-08-07 18:28:46,223 - INFO - __init__ - Initializing OpenWeather Class
2021-08-07 18:28:46,684 - INFO - __init__ - Success to get latlon from LatLon class
2021-08-07 18:28:46,685 - INFO - __init__ - Starting connection to openweathermap.org
2021-08-07 18:28:46,994 - INFO - __init__ - Success to get response from openweathermap.org
2021-08-07 18:28:50,547 - INFO - __init__ - Initializing OpenWeather Class
2021-08-07 18:28:51,021 - INFO - __init__ - Success to get latlon from LatLon class
2021-08-07 18:28:51,021 - INFO - __init__ - Starting connection to openweathermap.org
2021-08-07 18:28:51,370 - INFO - __init__ - Success to get response from openweathermap.org
2021-08-07 18:28:56,668 - INFO - __init__ - Initializing OpenWeather Class
2021-08-07 18:28:57,155 - INFO - __init__ - Success to get latlon from LatLon class
2021-08-07 18:28:57,155 - INFO - __init__ - Starting connection to openweathermap.org
2021-08-07 18:28:57,473 - INFO - __init__ - Success to get response from openweathermap.org
2021-08-07 18:29:04,881 - INFO - __init__ - Initializing OpenWeather Class
2021-08-07 18:29:05,386 - INFO - __init__ - Success to get latlon from LatLon class
2021-08-07 18:29:05,386 - INFO - __init__ - Starting connection to openweathermap.org
2021-08-07 18:29:05,730 - INFO - __init__ - Success to get response from openweathermap.org
2021-08-07 18:29:13,358 - INFO - __init__ - Initializing OpenWeather Class
2021-08-07 18:29:13,832 - INFO - __init__ - Success to get latlon from LatLon class
2021-08-07 18:29:13,832 - INFO - __init__ - Starting connection to openweathermap.org
2021-08-07 18:29:14,150 - INFO - __init__ - Success to get response from openweathermap.org
2021-08-07 18:29:16,373 - INFO - __init__ - Initializing OpenWeather Class
2021-08-07 18:29:16,850 - INFO - __init__ - Success to get latlon from LatLon class
2021-08-07 18:29:16,850 - INFO - __init__ - Starting connection to openweathermap.org
2021-08-07 18:29:17,195 - INFO - __init__ - Success to get response from openweathermap.org
2021-08-07 18:35:18,332 - INFO - get_weathersit - Getting weathersit from requests
2021-08-07 18:35:18,332 - INFO - get_weathersit - Success to get weathersit from requests
2021-08-07 18:35:18,332 - INFO - get_temp - Getting temp from requests
2021-08-07 18:35:18,332 - INFO - get_temp - Success to get temp from requests
2021-08-07 18:35:18,332 - INFO - get_feels_like - Getting feels_like from requests
2021-08-07 18:35:18,332 - INFO - get_feels_like - Success to get feels_like from requests
2021-08-07 18:35:18,333 - INFO - get_humidity - Getting humidity from requests
2021-08-07 18:35:18,333 - INFO - get_humidity - Success to get humidity from requests
2021-08-07 18:35:18,333 - INFO - get_wind_speed - Getting wind speed from requests
2021-08-07 18:35:18,333 - INFO - get_wind_speed - Success to get wind speed from requests
2021-08-07 18:38:56,835 - INFO - __init__ - Initializing OpenWeather Class
2021-08-07 18:38:57,313 - INFO - __init__ - Success to get latlon from LatLon class
2021-08-07 18:38:57,313 - INFO - __init__ - Starting connection to openweathermap.org
2021-08-07 18:38:57,657 - INFO - __init__ - Success to get response from openweathermap.org
2021-08-07 18:39:12,753 - INFO - __init__ - Initializing OpenWeather Class
2021-08-07 18:39:13,211 - INFO - __init__ - Success to get latlon from LatLon class
2021-08-07 18:39:13,212 - INFO - __init__ - Starting connection to openweathermap.org
2021-08-07 18:39:13,549 - INFO - __init__ - Success to get response from openweathermap.org
2021-08-07 18:39:19,220 - INFO - __init__ - Initializing OpenWeather Class
2021-08-07 18:39:19,685 - INFO - __init__ - Success to get latlon from LatLon class
2021-08-07 18:39:19,685 - INFO - __init__ - Starting connection to openweathermap.org
2021-08-07 18:39:20,034 - INFO - __init__ - Success to get response from openweathermap.org
2021-08-07 18:39:26,114 - INFO - __init__ - Initializing OpenWeather Class
2021-08-07 18:39:26,598 - INFO - __init__ - Success to get latlon from LatLon class
2021-08-07 18:39:26,598 - INFO - __init__ - Starting connection to openweathermap.org
2021-08-07 18:39:26,912 - INFO - __init__ - Success to get response from openweathermap.org
2021-08-07 18:39:35,867 - INFO - __init__ - Initializing OpenWeather Class
2021-08-07 18:39:36,409 - INFO - __init__ - Success to get latlon from LatLon class
2021-08-07 18:39:36,409 - INFO - __init__ - Starting connection to openweathermap.org
2021-08-07 18:39:36,734 - INFO - __init__ - Success to get response from openweathermap.org
2021-08-07 18:39:46,796 - INFO - __init__ - Initializing OpenWeather Class
2021-08-07 18:39:47,248 - INFO - __init__ - Success to get latlon from LatLon class
2021-08-07 18:39:47,248 - INFO - __init__ - Starting connection to openweathermap.org
2021-08-07 18:39:47,564 - INFO - __init__ - Success to get response from openweathermap.org
2021-08-07 18:42:24,501 - INFO - get_weathersit - Getting weathersit from requests
2021-08-07 18:42:24,501 - INFO - get_weathersit - Success to get weathersit from requests
2021-08-07 18:42:24,502 - INFO - get_temp - Getting temp from requests
2021-08-07 18:42:24,502 - INFO - get_temp - Success to get temp from requests
2021-08-07 18:42:24,503 - INFO - get_feels_like - Getting feels_like from requests
2021-08-07 18:42:24,503 - INFO - get_feels_like - Success to get feels_like from requests
2021-08-07 18:42:24,503 - INFO - get_humidity - Getting humidity from requests
2021-08-07 18:42:24,503 - INFO - get_humidity - Success to get humidity from requests
2021-08-07 18:42:24,504 - INFO - get_wind_speed - Getting wind speed from requests
2021-08-07 18:42:24,504 - INFO - get_wind_speed - Success to get wind speed from requests
2021-08-07 18:43:31,616 - INFO - __init__ - Initializing OpenWeather Class
2021-08-07 18:43:32,160 - INFO - __init__ - Success to get latlon from LatLon class
2021-08-07 18:43:32,160 - INFO - __init__ - Error at OpenWeather class initilization:- 'OpenWeather' object has no attribute 'api'
2021-08-07 18:43:42,854 - INFO - __init__ - Initializing OpenWeather Class
2021-08-07 18:43:43,313 - INFO - __init__ - Success to get latlon from LatLon class
2021-08-07 18:43:43,313 - INFO - __init__ - Starting connection to openweathermap.org
2021-08-07 18:43:43,655 - INFO - __init__ - Success to get response from openweathermap.org
2021-08-07 18:43:55,705 - INFO - __init__ - Initializing OpenWeather Class
2021-08-07 18:43:56,144 - INFO - __init__ - Success to get latlon from LatLon class
2021-08-07 18:43:56,144 - INFO - __init__ - Starting connection to openweathermap.org
2021-08-07 18:43:56,482 - INFO - __init__ - Success to get response from openweathermap.org
2021-08-07 18:43:58,890 - INFO - __init__ - Initializing OpenWeather Class
2021-08-07 18:43:59,338 - INFO - __init__ - Success to get latlon from LatLon class
2021-08-07 18:43:59,338 - INFO - __init__ - Starting connection to openweathermap.org
2021-08-07 18:43:59,648 - INFO - __init__ - Success to get response from openweathermap.org
2021-08-07 18:44:04,003 - INFO - get_weathersit - Getting weathersit from requests
2021-08-07 18:44:04,003 - INFO - get_weathersit - Success to get weathersit from requests
2021-08-07 18:44:04,003 - INFO - get_temp - Getting temp from requests
2021-08-07 18:44:04,003 - INFO - get_temp - Success to get temp from requests
2021-08-07 18:44:04,004 - INFO - get_feels_like - Getting feels_like from requests
2021-08-07 18:44:04,004 - INFO - get_feels_like - Success to get feels_like from requests
2021-08-07 18:44:04,005 - INFO - get_humidity - Getting humidity from requests
2021-08-07 18:44:04,005 - INFO - get_humidity - Success to get humidity from requests
2021-08-07 18:44:04,005 - INFO - get_wind_speed - Getting wind speed from requests
2021-08-07 18:44:04,006 - INFO - get_wind_speed - Success to get wind speed from requests
2021-08-07 18:45:12,049 - INFO - __init__ - Initializing OpenWeather Class
2021-08-07 18:45:12,532 - INFO - __init__ - Success to get latlon from LatLon class
2021-08-07 18:45:12,532 - INFO - __init__ - Starting connection to openweathermap.org
2021-08-07 18:45:12,855 - INFO - __init__ - Success to get response from openweathermap.org
2021-08-07 18:45:17,517 - INFO - __init__ - Initializing OpenWeather Class
2021-08-07 18:45:17,996 - INFO - __init__ - Success to get latlon from LatLon class
2021-08-07 18:45:17,996 - INFO - __init__ - Starting connection to openweathermap.org
2021-08-07 18:45:18,313 - INFO - __init__ - Success to get response from openweathermap.org
2021-08-07 18:45:24,706 - INFO - __init__ - Initializing OpenWeather Class
2021-08-07 18:45:25,162 - INFO - __init__ - Success to get latlon from LatLon class
2021-08-07 18:45:25,162 - INFO - __init__ - Starting connection to openweathermap.org
2021-08-07 18:45:25,481 - INFO - __init__ - Success to get response from openweathermap.org
2021-08-07 18:45:35,154 - INFO - __init__ - Initializing OpenWeather Class
2021-08-07 18:45:35,685 - INFO - __init__ - Success to get latlon from LatLon class
2021-08-07 18:45:35,685 - INFO - __init__ - Error at OpenWeather class initilization:- 'OpenWeather' object has no attribute 'api'
2021-08-07 18:49:04,410 - INFO - __init__ - Initializing OpenWeather Class
2021-08-07 18:49:04,868 - INFO - __init__ - Success to get latlon from LatLon class
2021-08-07 18:49:04,868 - INFO - __init__ - Starting connection to openweathermap.org
2021-08-07 18:49:05,285 - INFO - __init__ - Success to get response from openweathermap.org
2021-08-07 18:49:08,957 - INFO - __init__ - Initializing OpenWeather Class
2021-08-07 18:49:09,429 - INFO - __init__ - Success to get latlon from LatLon class
2021-08-07 18:49:09,429 - INFO - __init__ - Starting connection to openweathermap.org
2021-08-07 18:49:09,778 - INFO - __init__ - Success to get response from openweathermap.org
2021-08-07 18:49:14,670 - INFO - get_weathersit - Getting weathersit from requests
2021-08-07 18:49:14,670 - INFO - get_weathersit - Success to get weathersit from requests
2021-08-07 18:49:14,671 - INFO - get_temp - Getting temp from requests
2021-08-07 18:49:14,671 - INFO - get_temp - Success to get temp from requests
2021-08-07 18:49:14,672 - INFO - get_feels_like - Getting feels_like from requests
2021-08-07 18:49:14,672 - INFO - get_feels_like - Success to get feels_like from requests
2021-08-07 18:49:14,672 - INFO - get_humidity - Getting humidity from requests
2021-08-07 18:49:14,672 - INFO - get_humidity - Success to get humidity from requests
2021-08-07 18:49:14,673 - INFO - get_wind_speed - Getting wind speed from requests
2021-08-07 18:49:14,673 - INFO - get_wind_speed - Success to get wind speed from requests
2021-08-07 18:49:27,693 - INFO - __init__ - Initializing OpenWeather Class
2021-08-07 18:49:28,171 - INFO - __init__ - Success to get latlon from LatLon class
2021-08-07 18:49:28,171 - INFO - __init__ - Error at OpenWeather class initilization:- 'OpenWeather' object has no attribute 'api'
2021-08-07 18:51:03,770 - INFO - get_weathersit - Getting weathersit from requests
2021-08-07 18:51:03,770 - ERROR - get_weathersit - Error in getting weathersit from requests:- 'OpenWeather' object has no attribute 'res'
2021-08-07 18:51:03,770 - INFO - get_temp - Getting temp from requests
2021-08-07 18:51:03,770 - ERROR - get_temp - Error in getting temp from requests:- 'OpenWeather' object has no attribute 'res'
2021-08-07 18:51:03,771 - INFO - get_feels_like - Getting feels_like from requests
2021-08-07 18:51:03,771 - ERROR - get_feels_like - Error in getting feels_like from requests:- 'OpenWeather' object has no attribute 'res'
2021-08-07 18:51:03,772 - INFO - get_humidity - Getting humidity from requests
2021-08-07 18:51:03,772 - ERROR - get_humidity - Error in getting humidity from requests:- 'OpenWeather' object has no attribute 'res'
2021-08-07 18:51:03,772 - INFO - get_wind_speed - Getting wind speed from requests
2021-08-07 18:51:03,772 - ERROR - get_wind_speed - Error in getting wind speed from requests:- 'OpenWeather' object has no attribute 'res'
2021-08-07 18:51:32,591 - INFO - get_weathersit - Getting weathersit from requests
2021-08-07 18:51:32,591 - ERROR - get_weathersit - Error in getting weathersit from requests:- 'OpenWeather' object has no attribute 'res'
2021-08-07 18:51:32,592 - INFO - get_temp - Getting temp from requests
2021-08-07 18:51:32,592 - ERROR - get_temp - Error in getting temp from requests:- 'OpenWeather' object has no attribute 'res'
2021-08-07 18:51:32,592 - INFO - get_feels_like - Getting feels_like from requests
2021-08-07 18:51:32,592 - ERROR - get_feels_like - Error in getting feels_like from requests:- 'OpenWeather' object has no attribute 'res'
2021-08-07 18:51:32,592 - INFO - get_humidity - Getting humidity from requests
2021-08-07 18:51:32,592 - ERROR - get_humidity - Error in getting humidity from requests:- 'OpenWeather' object has no attribute 'res'
2021-08-07 18:51:32,593 - INFO - get_wind_speed - Getting wind speed from requests
2021-08-07 18:51:32,593 - ERROR - get_wind_speed - Error in getting wind speed from requests:- 'OpenWeather' object has no attribute 'res'
2021-08-07 18:52:07,579 - INFO - __init__ - Initializing OpenWeather Class
2021-08-07 18:52:08,131 - INFO - __init__ - Success to get latlon from LatLon class
2021-08-07 18:52:08,131 - INFO - __init__ - Error at OpenWeather class initilization:- 'OpenWeather' object has no attribute 'api'
2021-08-07 18:52:51,403 - INFO - __init__ - Initializing OpenWeather Class
2021-08-07 18:52:51,935 - INFO - __init__ - Success to get latlon from LatLon class
2021-08-07 18:52:51,935 - INFO - __init__ - Error at OpenWeather class initilization:- 'OpenWeather' object has no attribute 'api'
2021-08-07 18:52:55,069 - INFO - __init__ - Initializing OpenWeather Class
2021-08-07 18:52:55,530 - INFO - __init__ - Success to get latlon from LatLon class
2021-08-07 18:52:55,530 - INFO - __init__ - Error at OpenWeather class initilization:- 'OpenWeather' object has no attribute 'api'
2021-08-07 18:53:51,304 - INFO - get_weathersit - Getting weathersit from requests
2021-08-07 18:53:51,305 - ERROR - get_weathersit - Error in getting weathersit from requests:- 'OpenWeather' object has no attribute 'res'
2021-08-07 18:53:51,305 - INFO - get_temp - Getting temp from requests
2021-08-07 18:53:51,305 - ERROR - get_temp - Error in getting temp from requests:- 'OpenWeather' object has no attribute 'res'
2021-08-07 18:53:51,305 - INFO - get_feels_like - Getting feels_like from requests
2021-08-07 18:53:51,306 - ERROR - get_feels_like - Error in getting feels_like from requests:- 'OpenWeather' object has no attribute 'res'
2021-08-07 18:53:51,306 - INFO - get_humidity - Getting humidity from requests
2021-08-07 18:53:51,306 - ERROR - get_humidity - Error in getting humidity from requests:- 'OpenWeather' object has no attribute 'res'
2021-08-07 18:53:51,306 - INFO - get_wind_speed - Getting wind speed from requests
2021-08-07 18:53:51,307 - ERROR - get_wind_speed - Error in getting wind speed from requests:- 'OpenWeather' object has no attribute 'res'
2021-08-07 18:55:01,717 - INFO - __init__ - Initializing OpenWeather Class
2021-08-07 18:55:02,208 - INFO - __init__ - Success to get latlon from LatLon class
2021-08-07 18:55:02,208 - INFO - __init__ - Error at OpenWeather class initilization:- 'OpenWeather' object has no attribute 'api'
2021-08-07 18:56:51,181 - INFO - __init__ - Initializing OpenWeather Class
2021-08-07 18:56:51,650 - INFO - __init__ - Success to get latlon from LatLon class
2021-08-07 18:56:51,650 - INFO - __init__ - Error at OpenWeather class initilization:- 'OpenWeather' object has no attribute 'api'
2021-08-07 18:56:54,693 - INFO - __init__ - Initializing OpenWeather Class
2021-08-07 18:56:55,177 - INFO - __init__ - Success to get latlon from LatLon class
2021-08-07 18:56:55,177 - INFO - __init__ - Error at OpenWeather class initilization:- 'OpenWeather' object has no attribute 'api'
2021-08-07 18:57:26,766 - INFO - get_weathersit - Getting weathersit from requests
2021-08-07 18:57:26,767 - ERROR - get_weathersit - Error in getting weathersit from requests:- 'OpenWeather' object has no attribute 'res'
2021-08-07 18:57:26,767 - INFO - get_temp - Getting temp from requests
2021-08-07 18:57:26,768 - ERROR - get_temp - Error in getting temp from requests:- 'OpenWeather' object has no attribute 'res'
2021-08-07 18:57:26,768 - INFO - get_feels_like - Getting feels_like from requests
2021-08-07 18:57:26,769 - ERROR - get_feels_like - Error in getting feels_like from requests:- 'OpenWeather' object has no attribute 'res'
2021-08-07 18:57:26,769 - INFO - get_humidity - Getting humidity from requests
2021-08-07 18:57:26,769 - ERROR - get_humidity - Error in getting humidity from requests:- 'OpenWeather' object has no attribute 'res'
2021-08-07 18:57:26,770 - INFO - get_wind_speed - Getting wind speed from requests
2021-08-07 18:57:26,770 - ERROR - get_wind_speed - Error in getting wind speed from requests:- 'OpenWeather' object has no attribute 'res'
2021-08-07 18:57:30,258 - INFO - get_weathersit - Getting weathersit from requests
2021-08-07 18:57:30,258 - ERROR - get_weathersit - Error in getting weathersit from requests:- 'OpenWeather' object has no attribute 'res'
2021-08-07 18:57:30,259 - INFO - get_temp - Getting temp from requests
2021-08-07 18:57:30,259 - ERROR - get_temp - Error in getting temp from requests:- 'OpenWeather' object has no attribute 'res'
2021-08-07 18:57:30,259 - INFO - get_feels_like - Getting feels_like from requests
2021-08-07 18:57:30,260 - ERROR - get_feels_like - Error in getting feels_like from requests:- 'OpenWeather' object has no attribute 'res'
2021-08-07 18:57:30,260 - INFO - get_humidity - Getting humidity from requests
2021-08-07 18:57:30,260 - ERROR - get_humidity - Error in getting humidity from requests:- 'OpenWeather' object has no attribute 'res'
2021-08-07 18:57:30,261 - INFO - get_wind_speed - Getting wind speed from requests
2021-08-07 18:57:30,261 - ERROR - get_wind_speed - Error in getting wind speed from requests:- 'OpenWeather' object has no attribute 'res'
2021-08-07 18:57:31,967 - INFO - get_weathersit - Getting weathersit from requests
2021-08-07 18:57:31,967 - ERROR - get_weathersit - Error in getting weathersit from requests:- 'OpenWeather' object has no attribute 'res'
2021-08-07 18:57:31,967 - INFO - get_temp - Getting temp from requests
2021-08-07 18:57:31,967 - ERROR - get_temp - Error in getting temp from requests:- 'OpenWeather' object has no attribute 'res'
2021-08-07 18:57:31,968 - INFO - get_feels_like - Getting feels_like from requests
2021-08-07 18:57:31,968 - ERROR - get_feels_like - Error in getting feels_like from requests:- 'OpenWeather' object has no attribute 'res'
2021-08-07 18:57:31,969 - INFO - get_humidity - Getting humidity from requests
2021-08-07 18:57:31,969 - ERROR - get_humidity - Error in getting humidity from requests:- 'OpenWeather' object has no attribute 'res'
2021-08-07 18:57:31,969 - INFO - get_wind_speed - Getting wind speed from requests
2021-08-07 18:57:31,969 - ERROR - get_wind_speed - Error in getting wind speed from requests:- 'OpenWeather' object has no attribute 'res'
2021-08-07 18:57:35,151 - INFO - get_weathersit - Getting weathersit from requests
2021-08-07 18:57:35,151 - ERROR - get_weathersit - Error in getting weathersit from requests:- 'OpenWeather' object has no attribute 'res'
2021-08-07 18:57:35,151 - INFO - get_temp - Getting temp from requests
2021-08-07 18:57:35,151 - ERROR - get_temp - Error in getting temp from requests:- 'OpenWeather' object has no attribute 'res'
2021-08-07 18:57:35,152 - INFO - get_feels_like - Getting feels_like from requests
2021-08-07 18:57:35,152 - ERROR - get_feels_like - Error in getting feels_like from requests:- 'OpenWeather' object has no attribute 'res'
2021-08-07 18:57:35,152 - INFO - get_humidity - Getting humidity from requests
2021-08-07 18:57:35,152 - ERROR - get_humidity - Error in getting humidity from requests:- 'OpenWeather' object has no attribute 'res'
2021-08-07 18:57:35,152 - INFO - get_wind_speed - Getting wind speed from requests
2021-08-07 18:57:35,152 - ERROR - get_wind_speed - Error in getting wind speed from requests:- 'OpenWeather' object has no attribute 'res'
2021-08-07 18:58:03,299 - INFO - __init__ - Initializing OpenWeather Class
2021-08-07 18:58:03,813 - INFO - __init__ - Success to get latlon from LatLon class
2021-08-07 18:58:03,813 - INFO - __init__ - Error at OpenWeather class initilization:- 'OpenWeather' object has no attribute 'api'
2021-08-07 18:58:09,587 - INFO - __init__ - Initializing OpenWeather Class
2021-08-07 18:58:10,055 - INFO - __init__ - Success to get latlon from LatLon class
2021-08-07 18:58:10,055 - INFO - __init__ - Error at OpenWeather class initilization:- 'OpenWeather' object has no attribute 'api'
2021-08-07 18:58:15,716 - INFO - __init__ - Initializing OpenWeather Class
2021-08-07 18:58:16,172 - INFO - __init__ - Success to get latlon from LatLon class
2021-08-07 18:58:16,172 - INFO - __init__ - Error at OpenWeather class initilization:- 'OpenWeather' object has no attribute 'api'
2021-08-07 18:58:36,775 - INFO - __init__ - Initializing OpenWeather Class
2021-08-07 18:58:37,307 - INFO - __init__ - Success to get latlon from LatLon class
2021-08-07 18:58:37,307 - INFO - __init__ - Error at OpenWeather class initilization:- 'OpenWeather' object has no attribute 'api'
2021-08-07 18:58:43,346 - INFO - __init__ - Initializing OpenWeather Class
2021-08-07 18:58:43,835 - INFO - __init__ - Success to get latlon from LatLon class
2021-08-07 18:58:43,835 - INFO - __init__ - Error at OpenWeather class initilization:- 'OpenWeather' object has no attribute 'api'
2021-08-07 18:59:07,163 - INFO - __init__ - Initializing OpenWeather Class
2021-08-07 18:59:07,641 - INFO - __init__ - Success to get latlon from LatLon class
2021-08-07 18:59:07,641 - INFO - __init__ - Error at OpenWeather class initilization:- 'OpenWeather' object has no attribute 'api'
2021-08-07 18:59:16,269 - INFO - __init__ - Initializing OpenWeather Class
2021-08-07 18:59:16,748 - INFO - __init__ - Success to get latlon from LatLon class
2021-08-07 18:59:16,748 - INFO - __init__ - Error at OpenWeather class initilization:- 'OpenWeather' object has no attribute 'api'
2021-08-07 18:59:17,109 - INFO - get_weathersit - Getting weathersit from requests
2021-08-07 18:59:17,109 - ERROR - get_weathersit - Error in getting weathersit from requests:- 'OpenWeather' object has no attribute 'res'
2021-08-07 18:59:17,109 - INFO - get_temp - Getting temp from requests
2021-08-07 18:59:17,109 - ERROR - get_temp - Error in getting temp from requests:- 'OpenWeather' object has no attribute 'res'
2021-08-07 18:59:17,110 - INFO - get_feels_like - Getting feels_like from requests
2021-08-07 18:59:17,110 - ERROR - get_feels_like - Error in getting feels_like from requests:- 'OpenWeather' object has no attribute 'res'
2021-08-07 18:59:17,110 - INFO - get_humidity - Getting humidity from requests
2021-08-07 18:59:17,110 - ERROR - get_humidity - Error in getting humidity from requests:- 'OpenWeather' object has no attribute 'res'
2021-08-07 18:59:17,111 - INFO - get_wind_speed - Getting wind speed from requests
2021-08-07 18:59:17,111 - ERROR - get_wind_speed - Error in getting wind speed from requests:- 'OpenWeather' object has no attribute 'res'
2021-08-07 18:59:18,994 - INFO - get_weathersit - Getting weathersit from requests
2021-08-07 18:59:18,994 - ERROR - get_weathersit - Error in getting weathersit from requests:- 'OpenWeather' object has no attribute 'res'
2021-08-07 18:59:18,995 - INFO - get_temp - Getting temp from requests
2021-08-07 18:59:18,995 - ERROR - get_temp - Error in getting temp from requests:- 'OpenWeather' object has no attribute 'res'
2021-08-07 18:59:18,995 - INFO - get_feels_like - Getting feels_like from requests
2021-08-07 18:59:18,996 - ERROR - get_feels_like - Error in getting feels_like from requests:- 'OpenWeather' object has no attribute 'res'
2021-08-07 18:59:18,996 - INFO - get_humidity - Getting humidity from requests
2021-08-07 18:59:18,996 - ERROR - get_humidity - Error in getting humidity from requests:- 'OpenWeather' object has no attribute 'res'
2021-08-07 18:59:18,997 - INFO - get_wind_speed - Getting wind speed from requests
2021-08-07 18:59:18,997 - ERROR - get_wind_speed - Error in getting wind speed from requests:- 'OpenWeather' object has no attribute 'res'
2021-08-07 19:04:13,240 - INFO - __init__ - Initializing OpenWeather Class
2021-08-07 19:04:13,705 - INFO - __init__ - Success to get latlon from LatLon class
2021-08-07 19:04:13,705 - INFO - __init__ - Starting connection to openweathermap.org
2021-08-07 19:04:14,135 - INFO - __init__ - Success to get response from openweathermap.org
2021-08-07 19:04:17,286 - INFO - __init__ - Initializing OpenWeather Class
2021-08-07 19:04:17,754 - INFO - __init__ - Success to get latlon from LatLon class
2021-08-07 19:04:17,754 - INFO - __init__ - Starting connection to openweathermap.org
2021-08-07 19:04:18,071 - INFO - __init__ - Success to get response from openweathermap.org
2021-08-07 19:04:46,957 - INFO - get_weathersit - Getting weathersit from requests
2021-08-07 19:04:46,957 - INFO - get_weathersit - Success to get weathersit from requests
2021-08-07 19:04:46,958 - INFO - get_temp - Getting temp from requests
2021-08-07 19:04:46,958 - INFO - get_temp - Success to get temp from requests
2021-08-07 19:04:46,958 - INFO - get_feels_like - Getting feels_like from requests
2021-08-07 19:04:46,958 - INFO - get_feels_like - Success to get feels_like from requests
2021-08-07 19:04:46,958 - INFO - get_humidity - Getting humidity from requests
2021-08-07 19:04:46,958 - INFO - get_humidity - Success to get humidity from requests
2021-08-07 19:04:46,958 - INFO - get_wind_speed - Getting wind speed from requests
2021-08-07 19:04:46,959 - INFO - get_wind_speed - Success to get wind speed from requests
2021-08-07 19:04:50,430 - INFO - get_weathersit - Getting weathersit from requests
2021-08-07 19:04:50,431 - INFO - get_weathersit - Success to get weathersit from requests
2021-08-07 19:04:50,431 - INFO - get_temp - Getting temp from requests
2021-08-07 19:04:50,431 - INFO - get_temp - Success to get temp from requests
2021-08-07 19:04:50,432 - INFO - get_feels_like - Getting feels_like from requests
2021-08-07 19:04:50,432 - INFO - get_feels_like - Success to get feels_like from requests
2021-08-07 19:04:50,432 - INFO - get_humidity - Getting humidity from requests
2021-08-07 19:04:50,432 - INFO - get_humidity - Success to get humidity from requests
2021-08-07 19:04:50,433 - INFO - get_wind_speed - Getting wind speed from requests
2021-08-07 19:04:50,433 - INFO - get_wind_speed - Success to get wind speed from requests
2021-08-07 19:05:00,987 - INFO - get_weathersit - Getting weathersit from requests
2021-08-07 19:05:00,987 - INFO - get_weathersit - Success to get weathersit from requests
2021-08-07 19:05:00,987 - INFO - get_temp - Getting temp from requests
2021-08-07 19:05:00,987 - INFO - get_temp - Success to get temp from requests
2021-08-07 19:05:00,987 - INFO - get_feels_like - Getting feels_like from requests
2021-08-07 19:05:00,988 - INFO - get_feels_like - Success to get feels_like from requests
2021-08-07 19:05:00,988 - INFO - get_humidity - Getting humidity from requests
2021-08-07 19:05:00,988 - INFO - get_humidity - Success to get humidity from requests
2021-08-07 19:05:00,988 - INFO - get_wind_speed - Getting wind speed from requests
2021-08-07 19:05:00,988 - INFO - get_wind_speed - Success to get wind speed from requests
2021-08-07 19:05:04,824 - INFO - __init__ - Initializing OpenWeather Class
2021-08-07 19:05:05,303 - INFO - __init__ - Success to get latlon from LatLon class
2021-08-07 19:05:05,303 - INFO - __init__ - Error at OpenWeather class initilization:- 'OpenWeather' object has no attribute 'api'
2021-08-07 19:05:06,584 - INFO - get_weathersit - Getting weathersit from requests
2021-08-07 19:05:06,584 - ERROR - get_weathersit - Error in getting weathersit from requests:- 'OpenWeather' object has no attribute 'res'
2021-08-07 19:05:06,584 - INFO - get_temp - Getting temp from requests
2021-08-07 19:05:06,584 - ERROR - get_temp - Error in getting temp from requests:- 'OpenWeather' object has no attribute 'res'
2021-08-07 19:05:06,584 - INFO - get_feels_like - Getting feels_like from requests
2021-08-07 19:05:06,585 - ERROR - get_feels_like - Error in getting feels_like from requests:- 'OpenWeather' object has no attribute 'res'
2021-08-07 19:05:06,585 - INFO - get_humidity - Getting humidity from requests
2021-08-07 19:05:06,585 - ERROR - get_humidity - Error in getting humidity from requests:- 'OpenWeather' object has no attribute 'res'
2021-08-07 19:05:06,585 - INFO - get_wind_speed - Getting wind speed from requests
2021-08-07 19:05:06,585 - ERROR - get_wind_speed - Error in getting wind speed from requests:- 'OpenWeather' object has no attribute 'res'
2021-08-07 19:05:16,711 - INFO - get_weathersit - Getting weathersit from requests
2021-08-07 19:05:16,711 - ERROR - get_weathersit - Error in getting weathersit from requests:- 'OpenWeather' object has no attribute 'res'
2021-08-07 19:05:16,711 - INFO - get_temp - Getting temp from requests
2021-08-07 19:05:16,711 - ERROR - get_temp - Error in getting temp from requests:- 'OpenWeather' object has no attribute 'res'
2021-08-07 19:05:16,711 - INFO - get_feels_like - Getting feels_like from requests
2021-08-07 19:05:16,711 - ERROR - get_feels_like - Error in getting feels_like from requests:- 'OpenWeather' object has no attribute 'res'
2021-08-07 19:05:16,712 - INFO - get_humidity - Getting humidity from requests
2021-08-07 19:05:16,712 - ERROR - get_humidity - Error in getting humidity from requests:- 'OpenWeather' object has no attribute 'res'
2021-08-07 19:05:16,712 - INFO - get_wind_speed - Getting wind speed from requests
2021-08-07 19:05:16,712 - ERROR - get_wind_speed - Error in getting wind speed from requests:- 'OpenWeather' object has no attribute 'res'
2021-08-07 19:05:41,436 - INFO - __init__ - Initializing OpenWeather Class
2021-08-07 19:05:41,954 - INFO - __init__ - Success to get latlon from LatLon class
2021-08-07 19:05:41,954 - INFO - __init__ - Error at OpenWeather class initilization:- 'OpenWeather' object has no attribute 'api'
2021-08-07 19:05:44,828 - INFO - __init__ - Initializing OpenWeather Class
2021-08-07 19:05:45,286 - INFO - __init__ - Success to get latlon from LatLon class
2021-08-07 19:05:45,287 - INFO - __init__ - Error at OpenWeather class initilization:- 'OpenWeather' object has no attribute 'api'
2021-08-07 19:05:54,304 - INFO - get_weathersit - Getting weathersit from requests
2021-08-07 19:05:54,304 - ERROR - get_weathersit - Error in getting weathersit from requests:- 'OpenWeather' object has no attribute 'res'
2021-08-07 19:05:54,305 - INFO - get_temp - Getting temp from requests
2021-08-07 19:05:54,305 - ERROR - get_temp - Error in getting temp from requests:- 'OpenWeather' object has no attribute 'res'
2021-08-07 19:05:54,305 - INFO - get_feels_like - Getting feels_like from requests
2021-08-07 19:05:54,305 - ERROR - get_feels_like - Error in getting feels_like from requests:- 'OpenWeather' object has no attribute 'res'
2021-08-07 19:05:54,306 - INFO - get_humidity - Getting humidity from requests
2021-08-07 19:05:54,306 - ERROR - get_humidity - Error in getting humidity from requests:- 'OpenWeather' object has no attribute 'res'
2021-08-07 19:05:54,306 - INFO - get_wind_speed - Getting wind speed from requests
2021-08-07 19:05:54,307 - ERROR - get_wind_speed - Error in getting wind speed from requests:- 'OpenWeather' object has no attribute 'res'
2021-08-07 19:06:20,078 - INFO - get_weathersit - Getting weathersit from requests
2021-08-07 19:06:20,078 - ERROR - get_weathersit - Error in getting weathersit from requests:- 'OpenWeather' object has no attribute 'res'
2021-08-07 19:06:20,078 - INFO - get_temp - Getting temp from requests
2021-08-07 19:06:20,078 - ERROR - get_temp - Error in getting temp from requests:- 'OpenWeather' object has no attribute 'res'
2021-08-07 19:06:20,079 - INFO - get_feels_like - Getting feels_like from requests
2021-08-07 19:06:20,079 - ERROR - get_feels_like - Error in getting feels_like from requests:- 'OpenWeather' object has no attribute 'res'
2021-08-07 19:06:20,079 - INFO - get_humidity - Getting humidity from requests
2021-08-07 19:06:20,079 - ERROR - get_humidity - Error in getting humidity from requests:- 'OpenWeather' object has no attribute 'res'
2021-08-07 19:06:20,080 - INFO - get_wind_speed - Getting wind speed from requests
2021-08-07 19:06:20,080 - ERROR - get_wind_speed - Error in getting wind speed from requests:- 'OpenWeather' object has no attribute 'res'
2021-08-07 19:06:44,867 - INFO - get_weathersit - Getting weathersit from requests
2021-08-07 19:06:44,867 - ERROR - get_weathersit - Error in getting weathersit from requests:- 'OpenWeather' object has no attribute 'res'
2021-08-07 19:06:44,868 - INFO - get_temp - Getting temp from requests
2021-08-07 19:06:44,868 - ERROR - get_temp - Error in getting temp from requests:- 'OpenWeather' object has no attribute 'res'
2021-08-07 19:06:44,869 - INFO - get_feels_like - Getting feels_like from requests
2021-08-07 19:06:44,869 - ERROR - get_feels_like - Error in getting feels_like from requests:- 'OpenWeather' object has no attribute 'res'
2021-08-07 19:06:44,869 - INFO - get_humidity - Getting humidity from requests
2021-08-07 19:06:44,869 - ERROR - get_humidity - Error in getting humidity from requests:- 'OpenWeather' object has no attribute 'res'
2021-08-07 19:06:44,870 - INFO - get_wind_speed - Getting wind speed from requests
2021-08-07 19:06:44,870 - ERROR - get_wind_speed - Error in getting wind speed from requests:- 'OpenWeather' object has no attribute 'res'
2021-08-07 19:11:45,879 - INFO - get_weathersit - Getting weathersit from requests
2021-08-07 19:11:45,879 - ERROR - get_weathersit - Error in getting weathersit from requests:- 'OpenWeather' object has no attribute 'res'
2021-08-07 19:11:45,880 - INFO - get_temp - Getting temp from requests
2021-08-07 19:11:45,880 - ERROR - get_temp - Error in getting temp from requests:- 'OpenWeather' object has no attribute 'res'
2021-08-07 19:11:45,880 - INFO - get_feels_like - Getting feels_like from requests
2021-08-07 19:11:45,880 - ERROR - get_feels_like - Error in getting feels_like from requests:- 'OpenWeather' object has no attribute 'res'
2021-08-07 19:11:45,881 - INFO - get_humidity - Getting humidity from requests
2021-08-07 19:11:45,881 - ERROR - get_humidity - Error in getting humidity from requests:- 'OpenWeather' object has no attribute 'res'
2021-08-07 19:11:45,881 - INFO - get_wind_speed - Getting wind speed from requests
2021-08-07 19:11:45,882 - ERROR - get_wind_speed - Error in getting wind speed from requests:- 'OpenWeather' object has no attribute 'res'
2021-08-07 19:13:56,060 - INFO - get_weathersit - Getting weathersit from requests
2021-08-07 19:13:56,060 - ERROR - get_weathersit - Error in getting weathersit from requests:- 'OpenWeather' object has no attribute 'res'
2021-08-07 19:13:56,061 - INFO - get_temp - Getting temp from requests
2021-08-07 19:13:56,061 - ERROR - get_temp - Error in getting temp from requests:- 'OpenWeather' object has no attribute 'res'
2021-08-07 19:13:56,061 - INFO - get_feels_like - Getting feels_like from requests
2021-08-07 19:13:56,061 - ERROR - get_feels_like - Error in getting feels_like from requests:- 'OpenWeather' object has no attribute 'res'
2021-08-07 19:13:56,062 - INFO - get_humidity - Getting humidity from requests
2021-08-07 19:13:56,062 - ERROR - get_humidity - Error in getting humidity from requests:- 'OpenWeather' object has no attribute 'res'
2021-08-07 19:13:56,062 - INFO - get_wind_speed - Getting wind speed from requests
2021-08-07 19:13:56,062 - ERROR - get_wind_speed - Error in getting wind speed from requests:- 'OpenWeather' object has no attribute 'res'
2021-08-07 19:22:49,729 - INFO - __init__ - Initializing OpenWeather Class
2021-08-07 19:22:50,201 - INFO - __init__ - Success to get latlon from LatLon class
2021-08-07 19:22:50,201 - INFO - __init__ - Starting connection to openweathermap.org
2021-08-07 19:22:50,545 - INFO - __init__ - Success to get response from openweathermap.org
2021-08-07 19:22:52,797 - INFO - __init__ - Initializing OpenWeather Class
2021-08-07 19:22:53,275 - INFO - __init__ - Success to get latlon from LatLon class
2021-08-07 19:22:53,275 - INFO - __init__ - Starting connection to openweathermap.org
2021-08-07 19:22:53,618 - INFO - __init__ - Success to get response from openweathermap.org
2021-08-07 19:25:41,809 - INFO - __init__ - Initializing OpenWeather Class
2021-08-07 19:25:42,260 - INFO - __init__ - Success to get latlon from LatLon class
2021-08-07 19:25:42,260 - INFO - __init__ - Starting connection to openweathermap.org
2021-08-07 19:25:42,600 - INFO - __init__ - Success to get response from openweathermap.org
2021-08-07 19:26:07,747 - INFO - __init__ - Initializing OpenWeather Class
2021-08-07 19:26:08,204 - INFO - __init__ - Success to get latlon from LatLon class
2021-08-07 19:26:08,204 - INFO - __init__ - Starting connection to openweathermap.org
2021-08-07 19:26:08,550 - INFO - __init__ - Success to get response from openweathermap.org
2021-08-07 19:26:16,790 - INFO - __init__ - Initializing OpenWeather Class
2021-08-07 19:26:17,346 - INFO - __init__ - Success to get latlon from LatLon class
2021-08-07 19:26:17,346 - INFO - __init__ - Starting connection to openweathermap.org
2021-08-07 19:26:17,661 - INFO - __init__ - Success to get response from openweathermap.org
2021-08-07 19:26:23,215 - INFO - get_weathersit - Getting weathersit from requests
2021-08-07 19:26:23,216 - INFO - get_weathersit - Success to get weathersit from requests
2021-08-07 19:26:23,216 - INFO - get_temp - Getting temp from requests
2021-08-07 19:26:23,216 - INFO - get_temp - Success to get temp from requests
2021-08-07 19:26:23,217 - INFO - get_feels_like - Getting feels_like from requests
2021-08-07 19:26:23,217 - INFO - get_feels_like - Success to get feels_like from requests
2021-08-07 19:26:23,217 - INFO - get_humidity - Getting humidity from requests
2021-08-07 19:26:23,217 - INFO - get_humidity - Success to get humidity from requests
2021-08-07 19:26:23,217 - INFO - get_wind_speed - Getting wind speed from requests
2021-08-07 19:26:23,217 - INFO - get_wind_speed - Success to get wind speed from requests
2021-08-07 19:26:40,608 - INFO - __init__ - Initializing OpenWeather Class
2021-08-07 19:26:41,058 - INFO - __init__ - Success to get latlon from LatLon class
2021-08-07 19:26:41,058 - INFO - __init__ - Starting connection to openweathermap.org
2021-08-07 19:26:41,402 - INFO - __init__ - Success to get response from openweathermap.org
2021-08-07 19:26:48,854 - INFO - get_weathersit - Getting weathersit from requests
2021-08-07 19:26:48,854 - INFO - get_weathersit - Success to get weathersit from requests
2021-08-07 19:26:48,854 - INFO - get_temp - Getting temp from requests
2021-08-07 19:26:48,854 - INFO - get_temp - Success to get temp from requests
2021-08-07 19:26:48,855 - INFO - get_feels_like - Getting feels_like from requests
2021-08-07 19:26:48,855 - INFO - get_feels_like - Success to get feels_like from requests
2021-08-07 19:26:48,855 - INFO - get_humidity - Getting humidity from requests
2021-08-07 19:26:48,855 - INFO - get_humidity - Success to get humidity from requests
2021-08-07 19:26:48,855 - INFO - get_wind_speed - Getting wind speed from requests
2021-08-07 19:26:48,855 - INFO - get_wind_speed - Success to get wind speed from requests
2021-08-07 19:38:44,552 - INFO - get_weathersit - Getting weathersit from requests
2021-08-07 19:38:44,552 - INFO - get_weathersit - Success to get weathersit from requests
2021-08-07 19:38:44,552 - INFO - get_temp - Getting temp from requests
2021-08-07 19:38:44,552 - INFO - get_temp - Success to get temp from requests
2021-08-07 19:38:44,553 - INFO - get_feels_like - Getting feels_like from requests
2021-08-07 19:38:44,553 - INFO - get_feels_like - Success to get feels_like from requests
2021-08-07 19:38:44,553 - INFO - get_humidity - Getting humidity from requests
2021-08-07 19:38:44,553 - INFO - get_humidity - Success to get humidity from requests
2021-08-07 19:38:44,553 - INFO - get_wind_speed - Getting wind speed from requests
2021-08-07 19:38:44,554 - INFO - get_wind_speed - Success to get wind speed from requests
2021-08-07 19:40:55,623 - INFO - __init__ - Initializing OpenWeather Class
2021-08-07 19:40:56,169 - INFO - __init__ - Success to get latlon from LatLon class
2021-08-07 19:40:56,169 - INFO - __init__ - Starting connection to openweathermap.org
2021-08-07 19:40:56,476 - INFO - __init__ - Success to get response from openweathermap.org
2021-08-07 19:40:59,174 - INFO - __init__ - Initializing OpenWeather Class
2021-08-07 19:40:59,671 - INFO - __init__ - Success to get latlon from LatLon class
2021-08-07 19:40:59,672 - INFO - __init__ - Starting connection to openweathermap.org
2021-08-07 19:41:00,017 - INFO - __init__ - Success to get response from openweathermap.org
2021-08-07 19:41:04,905 - INFO - get_weathersit - Getting weathersit from requests
2021-08-07 19:41:04,905 - INFO - get_weathersit - Success to get weathersit from requests
2021-08-07 19:41:04,905 - INFO - get_temp - Getting temp from requests
2021-08-07 19:41:04,906 - INFO - get_temp - Success to get temp from requests
2021-08-07 19:41:04,906 - INFO - get_feels_like - Getting feels_like from requests
2021-08-07 19:41:04,906 - INFO - get_feels_like - Success to get feels_like from requests
2021-08-07 19:41:04,906 - INFO - get_humidity - Getting humidity from requests
2021-08-07 19:41:04,906 - INFO - get_humidity - Success to get humidity from requests
2021-08-07 19:41:04,907 - INFO - get_wind_speed - Getting wind speed from requests
2021-08-07 19:41:04,907 - INFO - get_wind_speed - Success to get wind speed from requests
2021-08-07 19:41:08,622 - INFO - get_weathersit - Getting weathersit from requests
2021-08-07 19:41:08,622 - INFO - get_weathersit - Success to get weathersit from requests
2021-08-07 19:41:08,623 - INFO - get_temp - Getting temp from requests
2021-08-07 19:41:08,623 - INFO - get_temp - Success to get temp from requests
2021-08-07 19:41:08,623 - INFO - get_feels_like - Getting feels_like from requests
2021-08-07 19:41:08,623 - INFO - get_feels_like - Success to get feels_like from requests
2021-08-07 19:41:08,624 - INFO - get_humidity - Getting humidity from requests
2021-08-07 19:41:08,624 - INFO - get_humidity - Success to get humidity from requests
2021-08-07 19:41:08,624 - INFO - get_wind_speed - Getting wind speed from requests
2021-08-07 19:41:08,624 - INFO - get_wind_speed - Success to get wind speed from requests
2021-08-07 19:44:07,684 - INFO - __init__ - Initializing OpenWeather Class
2021-08-07 19:44:08,141 - INFO - __init__ - Success to get latlon from LatLon class
2021-08-07 19:44:08,141 - INFO - __init__ - Starting connection to openweathermap.org
2021-08-07 19:44:08,450 - INFO - __init__ - Success to get response from openweathermap.org
2021-08-07 19:44:15,689 - INFO - __init__ - Initializing OpenWeather Class
2021-08-07 19:44:16,143 - INFO - __init__ - Success to get latlon from LatLon class
2021-08-07 19:44:16,143 - INFO - __init__ - Starting connection to openweathermap.org
2021-08-07 19:44:16,458 - INFO - __init__ - Success to get response from openweathermap.org
2021-08-07 19:47:14,154 - INFO - __init__ - Initializing OpenWeather Class
2021-08-07 19:47:14,619 - INFO - __init__ - Success to get latlon from LatLon class
2021-08-07 19:47:14,619 - INFO - __init__ - Starting connection to openweathermap.org
2021-08-07 19:47:14,940 - INFO - __init__ - Success to get response from openweathermap.org
2021-08-07 19:47:17,397 - INFO - __init__ - Initializing OpenWeather Class
2021-08-07 19:47:17,919 - INFO - __init__ - Success to get latlon from LatLon class
2021-08-07 19:47:17,919 - INFO - __init__ - Starting connection to openweathermap.org
2021-08-07 19:47:18,271 - INFO - __init__ - Success to get response from openweathermap.org
2021-08-07 19:47:23,324 - INFO - get_weathersit - Getting weathersit from requests
2021-08-07 19:47:23,324 - INFO - get_weathersit - Success to get weathersit from requests
2021-08-07 19:47:23,324 - INFO - get_temp - Getting temp from requests
2021-08-07 19:47:23,324 - INFO - get_temp - Success to get temp from requests
2021-08-07 19:47:23,325 - INFO - get_feels_like - Getting feels_like from requests
2021-08-07 19:47:23,325 - INFO - get_feels_like - Success to get feels_like from requests
2021-08-07 19:47:23,326 - INFO - get_humidity - Getting humidity from requests
2021-08-07 19:47:23,326 - INFO - get_humidity - Success to get humidity from requests
2021-08-07 19:47:23,326 - INFO - get_wind_speed - Getting wind speed from requests
2021-08-07 19:47:23,326 - INFO - get_wind_speed - Success to get wind speed from requests
2021-08-07 19:48:39,754 - INFO - __init__ - Initializing OpenWeather Class
2021-08-07 19:48:40,272 - INFO - __init__ - Success to get latlon from LatLon class
2021-08-07 19:48:40,272 - INFO - __init__ - Starting connection to openweathermap.org
2021-08-07 19:48:40,580 - INFO - __init__ - Success to get response from openweathermap.org
2021-08-07 19:50:41,965 - INFO - __init__ - Initializing OpenWeather Class
2021-08-07 19:50:42,487 - INFO - __init__ - Success to get latlon from LatLon class
2021-08-07 19:50:42,487 - INFO - __init__ - Starting connection to openweathermap.org
2021-08-07 19:50:42,810 - INFO - __init__ - Success to get response from openweathermap.org
2021-08-07 19:50:51,503 - INFO - __init__ - Initializing OpenWeather Class
2021-08-07 19:50:51,970 - INFO - __init__ - Success to get latlon from LatLon class
2021-08-07 19:50:51,970 - INFO - __init__ - Starting connection to openweathermap.org
2021-08-07 19:50:52,285 - INFO - __init__ - Success to get response from openweathermap.org
2021-08-07 19:50:58,146 - INFO - get_weathersit - Getting weathersit from requests
2021-08-07 19:50:58,147 - INFO - get_weathersit - Success to get weathersit from requests
2021-08-07 19:50:58,147 - INFO - get_temp - Getting temp from requests
2021-08-07 19:50:58,147 - INFO - get_temp - Success to get temp from requests
2021-08-07 19:50:58,148 - INFO - get_feels_like - Getting feels_like from requests
2021-08-07 19:50:58,148 - INFO - get_feels_like - Success to get feels_like from requests
2021-08-07 19:50:58,148 - INFO - get_humidity - Getting humidity from requests
2021-08-07 19:50:58,149 - INFO - get_humidity - Success to get humidity from requests
2021-08-07 19:50:58,149 - INFO - get_wind_speed - Getting wind speed from requests
2021-08-07 19:50:58,149 - INFO - get_wind_speed - Success to get wind speed from requests
2021-08-07 19:55:41,233 - INFO - get_weathersit - Getting weathersit from requests
2021-08-07 19:55:41,233 - INFO - get_weathersit - Success to get weathersit from requests
2021-08-07 19:55:41,233 - INFO - get_temp - Getting temp from requests
2021-08-07 19:55:41,233 - INFO - get_temp - Success to get temp from requests
2021-08-07 19:55:41,234 - INFO - get_feels_like - Getting feels_like from requests
2021-08-07 19:55:41,234 - INFO - get_feels_like - Success to get feels_like from requests
2021-08-07 19:55:41,234 - INFO - get_humidity - Getting humidity from requests
2021-08-07 19:55:41,234 - INFO - get_humidity - Success to get humidity from requests
2021-08-07 19:55:41,234 - INFO - get_wind_speed - Getting wind speed from requests
2021-08-07 19:55:41,234 - INFO - get_wind_speed - Success to get wind speed from requests
2021-08-07 19:55:49,895 - INFO - get_weathersit - Getting weathersit from requests
2021-08-07 19:55:49,895 - INFO - get_weathersit - Success to get weathersit from requests
2021-08-07 19:55:49,896 - INFO - get_temp - Getting temp from requests
2021-08-07 19:55:49,896 - INFO - get_temp - Success to get temp from requests
2021-08-07 19:55:49,896 - INFO - get_feels_like - Getting feels_like from requests
2021-08-07 19:55:49,896 - INFO - get_feels_like - Success to get feels_like from requests
2021-08-07 19:55:49,896 - INFO - get_humidity - Getting humidity from requests
2021-08-07 19:55:49,897 - INFO - get_humidity - Success to get humidity from requests
2021-08-07 19:55:49,897 - INFO - get_wind_speed - Getting wind speed from requests
2021-08-07 19:55:49,897 - INFO - get_wind_speed - Success to get wind speed from requests
2021-08-07 19:56:05,605 - INFO - __init__ - Initializing OpenWeather Class
2021-08-07 19:56:06,106 - INFO - __init__ - Success to get latlon from LatLon class
2021-08-07 19:56:06,106 - INFO - __init__ - Starting connection to openweathermap.org
2021-08-07 19:56:06,449 - INFO - __init__ - Success to get response from openweathermap.org
2021-08-07 19:56:09,195 - INFO - __init__ - Initializing OpenWeather Class
2021-08-07 19:56:09,674 - INFO - __init__ - Success to get latlon from LatLon class
2021-08-07 19:56:09,674 - INFO - __init__ - Starting connection to openweathermap.org
2021-08-07 19:56:09,989 - INFO - __init__ - Success to get response from openweathermap.org
2021-08-07 19:56:45,600 - INFO - get_weathersit - Getting weathersit from requests
2021-08-07 19:56:45,601 - INFO - get_weathersit - Success to get weathersit from requests
2021-08-07 19:56:45,601 - INFO - get_temp - Getting temp from requests
2021-08-07 19:56:45,601 - INFO - get_temp - Success to get temp from requests
2021-08-07 19:56:45,601 - INFO - get_feels_like - Getting feels_like from requests
2021-08-07 19:56:45,601 - INFO - get_feels_like - Success to get feels_like from requests
2021-08-07 19:56:45,602 - INFO - get_humidity - Getting humidity from requests
2021-08-07 19:56:45,602 - INFO - get_humidity - Success to get humidity from requests
2021-08-07 19:56:45,602 - INFO - get_wind_speed - Getting wind speed from requests
2021-08-07 19:56:45,602 - INFO - get_wind_speed - Success to get wind speed from requests
2021-08-07 19:57:11,030 - INFO - get_weathersit - Getting weathersit from requests
2021-08-07 19:57:11,030 - INFO - get_weathersit - Success to get weathersit from requests
2021-08-07 19:57:11,030 - INFO - get_temp - Getting temp from requests
2021-08-07 19:57:11,030 - INFO - get_temp - Success to get temp from requests
2021-08-07 19:57:11,031 - INFO - get_feels_like - Getting feels_like from requests
2021-08-07 19:57:11,031 - INFO - get_feels_like - Success to get feels_like from requests
2021-08-07 19:57:11,031 - INFO - get_humidity - Getting humidity from requests
2021-08-07 19:57:11,031 - INFO - get_humidity - Success to get humidity from requests
2021-08-07 19:57:11,032 - INFO - get_wind_speed - Getting wind speed from requests
2021-08-07 19:57:11,032 - INFO - get_wind_speed - Success to get wind speed from requests
2021-08-07 19:57:57,863 - INFO - get_weathersit - Getting weathersit from requests
2021-08-07 19:57:57,863 - INFO - get_weathersit - Success to get weathersit from requests
2021-08-07 19:57:57,863 - INFO - get_temp - Getting temp from requests
2021-08-07 19:57:57,863 - INFO - get_temp - Success to get temp from requests
2021-08-07 19:57:57,863 - INFO - get_feels_like - Getting feels_like from requests
2021-08-07 19:57:57,863 - INFO - get_feels_like - Success to get feels_like from requests
2021-08-07 19:57:57,864 - INFO - get_humidity - Getting humidity from requests
2021-08-07 19:57:57,864 - INFO - get_humidity - Success to get humidity from requests
2021-08-07 19:57:57,864 - INFO - get_wind_speed - Getting wind speed from requests
2021-08-07 19:57:57,864 - INFO - get_wind_speed - Success to get wind speed from requests
2021-08-07 19:58:10,567 - INFO - get_weathersit - Getting weathersit from requests
2021-08-07 19:58:10,567 - INFO - get_weathersit - Success to get weathersit from requests
2021-08-07 19:58:10,567 - INFO - get_temp - Getting temp from requests
2021-08-07 19:58:10,567 - INFO - get_temp - Success to get temp from requests
2021-08-07 19:58:10,568 - INFO - get_feels_like - Getting feels_like from requests
2021-08-07 19:58:10,568 - INFO - get_feels_like - Success to get feels_like from requests
2021-08-07 19:58:10,568 - INFO - get_humidity - Getting humidity from requests
2021-08-07 19:58:10,568 - INFO - get_humidity - Success to get humidity from requests
2021-08-07 19:58:10,568 - INFO - get_wind_speed - Getting wind speed from requests
2021-08-07 19:58:10,568 - INFO - get_wind_speed - Success to get wind speed from requests
2021-08-07 19:59:08,974 - INFO - get_weathersit - Getting weathersit from requests
2021-08-07 19:59:08,974 - INFO - get_weathersit - Success to get weathersit from requests
2021-08-07 19:59:08,975 - INFO - get_temp - Getting temp from requests
2021-08-07 19:59:08,975 - INFO - get_temp - Success to get temp from requests
2021-08-07 19:59:08,975 - INFO - get_feels_like - Getting feels_like from requests
2021-08-07 19:59:08,975 - INFO - get_feels_like - Success to get feels_like from requests
2021-08-07 19:59:08,976 - INFO - get_humidity - Getting humidity from requests
2021-08-07 19:59:08,976 - INFO - get_humidity - Success to get humidity from requests
2021-08-07 19:59:08,976 - INFO - get_wind_speed - Getting wind speed from requests
2021-08-07 19:59:08,976 - INFO - get_wind_speed - Success to get wind speed from requests
2021-08-08 00:04:43,885 - INFO - __init__ - Initializing OpenWeather Class
2021-08-08 00:04:44,537 - INFO - __init__ - Success to get latlon from LatLon class
2021-08-08 00:04:44,537 - INFO - __init__ - Starting connection to openweathermap.org
2021-08-08 00:04:44,986 - INFO - __init__ - Success to get response from openweathermap.org
2021-08-08 00:05:03,080 - INFO - __init__ - Initializing OpenWeather Class
2021-08-08 00:05:03,544 - INFO - __init__ - Success to get latlon from LatLon class
2021-08-08 00:05:03,544 - INFO - __init__ - Starting connection to openweathermap.org
2021-08-08 00:05:03,895 - INFO - __init__ - Success to get response from openweathermap.org
2021-08-08 00:05:40,856 - INFO - get_weathersit - Getting weathersit from requests
2021-08-08 00:05:40,856 - INFO - get_weathersit - Success to get weathersit from requests
2021-08-08 00:05:40,857 - INFO - get_temp - Getting temp from requests
2021-08-08 00:05:40,857 - INFO - get_temp - Success to get temp from requests
2021-08-08 00:05:40,857 - INFO - get_feels_like - Getting feels_like from requests
2021-08-08 00:05:40,857 - INFO - get_feels_like - Success to get feels_like from requests
2021-08-08 00:05:40,858 - INFO - get_humidity - Getting humidity from requests
2021-08-08 00:05:40,858 - INFO - get_humidity - Success to get humidity from requests
2021-08-08 00:05:40,858 - INFO - get_wind_speed - Getting wind speed from requests
2021-08-08 00:05:40,858 - INFO - get_wind_speed - Success to get wind speed from requests
2021-08-08 00:08:36,661 - INFO - __init__ - Initializing OpenWeather Class
2021-08-08 00:08:37,150 - INFO - __init__ - Success to get latlon from LatLon class
2021-08-08 00:08:37,151 - INFO - __init__ - Starting connection to openweathermap.org
2021-08-08 00:08:37,505 - INFO - __init__ - Success to get response from openweathermap.org
2021-08-08 00:08:54,525 - INFO - __init__ - Initializing OpenWeather Class
2021-08-08 00:08:54,981 - INFO - __init__ - Success to get latlon from LatLon class
2021-08-08 00:08:54,981 - INFO - __init__ - Starting connection to openweathermap.org
2021-08-08 00:08:55,327 - INFO - __init__ - Success to get response from openweathermap.org
2021-08-08 00:09:25,990 - INFO - __init__ - Initializing OpenWeather Class
2021-08-08 00:09:26,493 - INFO - __init__ - Success to get latlon from LatLon class
2021-08-08 00:09:26,493 - INFO - __init__ - Starting connection to openweathermap.org
2021-08-08 00:09:26,866 - INFO - __init__ - Success to get response from openweathermap.org
2021-08-08 00:09:44,277 - INFO - __init__ - Initializing OpenWeather Class
2021-08-08 00:09:44,749 - INFO - __init__ - Success to get latlon from LatLon class
2021-08-08 00:09:44,749 - INFO - __init__ - Starting connection to openweathermap.org
2021-08-08 00:09:45,094 - INFO - __init__ - Success to get response from openweathermap.org
2021-08-08 00:11:02,537 - INFO - __init__ - Initializing OpenWeather Class
2021-08-08 00:11:03,053 - INFO - __init__ - Success to get latlon from LatLon class
2021-08-08 00:11:03,053 - INFO - __init__ - Starting connection to openweathermap.org
2021-08-08 00:11:03,416 - INFO - __init__ - Success to get response from openweathermap.org
2021-08-08 00:11:23,862 - INFO - __init__ - Initializing OpenWeather Class
2021-08-08 00:11:24,326 - INFO - __init__ - Success to get latlon from LatLon class
2021-08-08 00:11:24,326 - INFO - __init__ - Starting connection to openweathermap.org
2021-08-08 00:11:24,687 - INFO - __init__ - Success to get response from openweathermap.org
2021-08-08 00:13:23,859 - INFO - __init__ - Initializing OpenWeather Class
2021-08-08 00:13:24,367 - INFO - __init__ - Success to get latlon from LatLon class
2021-08-08 00:13:24,367 - INFO - __init__ - Starting connection to openweathermap.org
2021-08-08 00:13:24,799 - INFO - __init__ - Success to get response from openweathermap.org
2021-08-08 00:15:12,870 - INFO - __init__ - Initializing OpenWeather Class
2021-08-08 00:15:13,373 - INFO - __init__ - Success to get latlon from LatLon class
2021-08-08 00:15:13,374 - INFO - __init__ - Starting connection to openweathermap.org
2021-08-08 00:15:13,749 - INFO - __init__ - Success to get response from openweathermap.org
2021-08-08 00:15:27,817 - INFO - __init__ - Initializing OpenWeather Class
2021-08-08 00:15:28,281 - INFO - __init__ - Success to get latlon from LatLon class
2021-08-08 00:15:28,281 - INFO - __init__ - Starting connection to openweathermap.org
2021-08-08 00:15:28,629 - INFO - __init__ - Success to get response from openweathermap.org
2021-08-08 00:20:41,278 - INFO - __init__ - Initializing OpenWeather Class
2021-08-08 00:20:41,742 - INFO - __init__ - Success to get latlon from LatLon class
2021-08-08 00:20:41,742 - INFO - __init__ - Starting connection to openweathermap.org
2021-08-08 00:20:42,236 - INFO - __init__ - Success to get response from openweathermap.org
2021-08-08 00:20:59,187 - INFO - __init__ - Initializing OpenWeather Class
2021-08-08 00:20:59,647 - INFO - __init__ - Success to get latlon from LatLon class
2021-08-08 00:20:59,647 - INFO - __init__ - Starting connection to openweathermap.org
2021-08-08 00:20:59,995 - INFO - __init__ - Success to get response from openweathermap.org
2021-08-08 00:23:06,006 - INFO - __init__ - Initializing OpenWeather Class
2021-08-08 00:23:06,497 - INFO - __init__ - Success to get latlon from LatLon class
2021-08-08 00:23:06,497 - INFO - __init__ - Starting connection to openweathermap.org
2021-08-08 00:23:06,845 - INFO - __init__ - Success to get response from openweathermap.org
2021-08-08 00:23:23,774 - INFO - __init__ - Initializing OpenWeather Class
2021-08-08 00:23:24,207 - INFO - __init__ - Success to get latlon from LatLon class
2021-08-08 00:23:24,207 - INFO - __init__ - Starting connection to openweathermap.org
2021-08-08 00:23:24,540 - INFO - __init__ - Success to get response from openweathermap.org
2021-08-08 00:25:50,452 - INFO - __init__ - Initializing OpenWeather Class
2021-08-08 00:25:50,947 - INFO - __init__ - Success to get latlon from LatLon class
2021-08-08 00:25:50,947 - INFO - __init__ - Starting connection to openweathermap.org
2021-08-08 00:25:51,286 - INFO - __init__ - Success to get response from openweathermap.org
2021-08-08 00:26:10,180 - INFO - __init__ - Initializing OpenWeather Class
2021-08-08 00:26:10,636 - INFO - __init__ - Success to get latlon from LatLon class
2021-08-08 00:26:10,636 - INFO - __init__ - Starting connection to openweathermap.org
2021-08-08 00:26:10,979 - INFO - __init__ - Success to get response from openweathermap.org
2021-08-08 00:26:38,112 - INFO - get_weathersit - Getting weathersit from requests
2021-08-08 00:26:38,112 - INFO - get_weathersit - Success to get weathersit from requests
2021-08-08 00:26:38,113 - INFO - get_temp - Getting temp from requests
2021-08-08 00:26:38,113 - INFO - get_temp - Success to get temp from requests
2021-08-08 00:26:38,114 - INFO - get_feels_like - Getting feels_like from requests
2021-08-08 00:26:38,114 - INFO - get_feels_like - Success to get feels_like from requests
2021-08-08 00:26:38,114 - INFO - get_humidity - Getting humidity from requests
2021-08-08 00:26:38,114 - INFO - get_humidity - Success to get humidity from requests
2021-08-08 00:26:38,114 - INFO - get_wind_speed - Getting wind speed from requests
2021-08-08 00:26:38,114 - INFO - get_wind_speed - Success to get wind speed from requests
2021-08-09 14:34:32,218 - INFO - __init__ - Initializing OpenWeather Class
2021-08-09 14:34:33,259 - INFO - __init__ - Success to get latlon from LatLon class
2021-08-09 14:34:33,259 - INFO - __init__ - Starting connection to openweathermap.org
2021-08-09 14:34:33,658 - INFO - __init__ - Success to get response from openweathermap.org
2021-08-09 14:34:49,307 - INFO - __init__ - Initializing OpenWeather Class
2021-08-09 14:34:49,786 - INFO - __init__ - Success to get latlon from LatLon class
2021-08-09 14:34:49,786 - INFO - __init__ - Starting connection to openweathermap.org
2021-08-09 14:34:50,156 - INFO - __init__ - Success to get response from openweathermap.org
2021-08-09 14:35:53,265 - INFO - __init__ - Initializing OpenWeather Class
2021-08-09 14:35:53,717 - INFO - __init__ - Success to get latlon from LatLon class
2021-08-09 14:35:53,717 - INFO - __init__ - Starting connection to openweathermap.org
2021-08-09 14:35:54,079 - INFO - __init__ - Success to get response from openweathermap.org
2021-08-09 14:36:47,698 - INFO - __init__ - Initializing OpenWeather Class
2021-08-09 14:36:48,177 - INFO - __init__ - Success to get latlon from LatLon class
2021-08-09 14:36:48,177 - INFO - __init__ - Starting connection to openweathermap.org
2021-08-09 14:36:48,574 - INFO - __init__ - Success to get response from openweathermap.org
2021-08-09 14:37:30,603 - INFO - __init__ - Initializing OpenWeather Class
2021-08-09 14:37:31,081 - INFO - __init__ - Success to get latlon from LatLon class
2021-08-09 14:37:31,081 - INFO - __init__ - Starting connection to openweathermap.org
2021-08-09 14:37:31,438 - INFO - __init__ - Success to get response from openweathermap.org
2021-08-09 14:37:59,398 - INFO - __init__ - Initializing OpenWeather Class
2021-08-09 14:37:59,908 - INFO - __init__ - Success to get latlon from LatLon class
2021-08-09 14:37:59,908 - INFO - __init__ - Starting connection to openweathermap.org
2021-08-09 14:38:00,307 - INFO - __init__ - Success to get response from openweathermap.org
2021-08-09 14:38:43,206 - INFO - __init__ - Initializing OpenWeather Class
2021-08-09 14:38:43,745 - INFO - __init__ - Success to get latlon from LatLon class
2021-08-09 14:38:43,745 - INFO - __init__ - Starting connection to openweathermap.org
2021-08-09 14:38:44,100 - INFO - __init__ - Success to get response from openweathermap.org
2021-08-09 14:39:19,454 - INFO - __init__ - Initializing OpenWeather Class
2021-08-09 14:39:19,926 - INFO - __init__ - Success to get latlon from LatLon class
2021-08-09 14:39:19,926 - INFO - __init__ - Starting connection to openweathermap.org
2021-08-09 14:39:20,268 - INFO - __init__ - Success to get response from openweathermap.org
2021-08-09 14:39:38,496 - INFO - __init__ - Initializing OpenWeather Class
2021-08-09 14:39:38,971 - INFO - __init__ - Success to get latlon from LatLon class
2021-08-09 14:39:38,971 - INFO - __init__ - Starting connection to openweathermap.org
2021-08-09 14:39:39,322 - INFO - __init__ - Success to get response from openweathermap.org
2021-08-09 14:40:13,735 - INFO - __init__ - Initializing OpenWeather Class
2021-08-09 14:40:14,246 - INFO - __init__ - Success to get latlon from LatLon class
2021-08-09 14:40:14,246 - INFO - __init__ - Starting connection to openweathermap.org
2021-08-09 14:40:14,594 - INFO - __init__ - Success to get response from openweathermap.org
2021-08-09 14:43:28,692 - INFO - get_weathersit - Getting weathersit from requests
2021-08-09 14:43:28,692 - INFO - get_weathersit - Success to get weathersit from requests
2021-08-09 14:43:28,692 - INFO - get_temp - Getting temp from requests
2021-08-09 14:43:28,692 - INFO - get_temp - Success to get temp from requests
2021-08-09 14:43:28,692 - INFO - get_feels_like - Getting feels_like from requests
2021-08-09 14:43:28,692 - INFO - get_feels_like - Success to get feels_like from requests
2021-08-09 14:43:28,693 - INFO - get_humidity - Getting humidity from requests
2021-08-09 14:43:28,693 - INFO - get_humidity - Success to get humidity from requests
2021-08-09 14:43:28,693 - INFO - get_wind_speed - Getting wind speed from requests
2021-08-09 14:43:28,693 - INFO - get_wind_speed - Success to get wind speed from requests
2021-08-09 14:49:49,134 - INFO - get_weathersit - Getting weathersit from requests
2021-08-09 14:49:49,134 - INFO - get_weathersit - Success to get weathersit from requests
2021-08-09 14:49:49,135 - INFO - get_temp - Getting temp from requests
2021-08-09 14:49:49,135 - INFO - get_temp - Success to get temp from requests
2021-08-09 14:49:49,135 - INFO - get_feels_like - Getting feels_like from requests
2021-08-09 14:49:49,136 - INFO - get_feels_like - Success to get feels_like from requests
2021-08-09 14:49:49,136 - INFO - get_humidity - Getting humidity from requests
2021-08-09 14:49:49,136 - INFO - get_humidity - Success to get humidity from requests
2021-08-09 14:49:49,136 - INFO - get_wind_speed - Getting wind speed from requests
2021-08-09 14:49:49,136 - INFO - get_wind_speed - Success to get wind speed from requests
2021-08-09 20:39:05,794 - INFO - __init__ - Initializing OpenWeather Class
2021-08-09 20:39:06,830 - INFO - __init__ - Success to get latlon from LatLon class
2021-08-09 20:39:06,830 - INFO - __init__ - Starting connection to openweathermap.org
2021-08-09 20:39:07,237 - INFO - __init__ - Success to get response from openweathermap.org
2021-08-09 20:39:23,862 - INFO - __init__ - Initializing OpenWeather Class
2021-08-09 20:39:24,344 - INFO - __init__ - Success to get latlon from LatLon class
2021-08-09 20:39:24,344 - INFO - __init__ - Starting connection to openweathermap.org
2021-08-09 20:39:24,752 - INFO - __init__ - Success to get response from openweathermap.org
2021-08-09 20:39:49,295 - INFO - get_weathersit - Getting weathersit from requests
2021-08-09 20:39:49,295 - INFO - get_weathersit - Success to get weathersit from requests
2021-08-09 20:39:49,296 - INFO - get_temp - Getting temp from requests
2021-08-09 20:39:49,296 - INFO - get_temp - Success to get temp from requests
2021-08-09 20:39:49,296 - INFO - get_feels_like - Getting feels_like from requests
2021-08-09 20:39:49,296 - INFO - get_feels_like - Success to get feels_like from requests
2021-08-09 20:39:49,297 - INFO - get_humidity - Getting humidity from requests
2021-08-09 20:39:49,297 - INFO - get_humidity - Success to get humidity from requests
2021-08-09 20:39:49,297 - INFO - get_wind_speed - Getting wind speed from requests
2021-08-09 20:39:49,297 - INFO - get_wind_speed - Success to get wind speed from requests
